[2.143s] DEBUG:colcon:Command line arguments: ['/usr/bin/colcon', 'list', '-p', '--base-paths', '/home/levin/ROS2_WS/Wheeled_robot']
[2.143s] DEBUG:colcon:Parsed command line arguments: Namespace(log_base=None, log_level=None, verb_name='list', build_base='build', ignore_user_meta=False, metas=['./colcon.meta'], base_paths=['/home/levin/ROS2_WS/Wheeled_robot'], packages_ignore=None, packages_ignore_regex=None, paths=None, packages_up_to=None, packages_up_to_regex=None, packages_above=None, packages_above_and_dependencies=None, packages_above_depth=None, packages_select_by_dep=None, packages_skip_by_dep=None, packages_skip_up_to=None, packages_select_build_failed=False, packages_skip_build_finished=False, packages_select_test_failures=False, packages_skip_test_passed=False, packages_select=None, packages_skip=None, packages_select_regex=None, packages_skip_regex=None, packages_start=None, packages_end=None, allow_overriding=[], topological_order=False, names_only=False, paths_only=True, topological_graph=False, topological_graph_dot=False, topological_graph_density=False, topological_graph_legend=False, topological_graph_dot_cluster=False, topological_graph_dot_include_skipped=False, verb_parser=<colcon_defaults.argument_parser.defaults.DefaultArgumentsDecorator object at 0x7f28c46d9030>, verb_extension=<colcon_package_information.verb.list.ListVerb object at 0x7f28c4631fc0>, main=<bound method ListVerb.main of <colcon_package_information.verb.list.ListVerb object at 0x7f28c4631fc0>>)
[2.272s] Level 1:colcon.colcon_core.package_discovery:discover_packages(colcon_meta) check parameters
[2.272s] Level 1:colcon.colcon_core.package_discovery:discover_packages(recursive) check parameters
[2.272s] Level 1:colcon.colcon_core.package_discovery:discover_packages(ignore) check parameters
[2.272s] Level 1:colcon.colcon_core.package_discovery:discover_packages(path) check parameters
[2.272s] Level 1:colcon.colcon_core.package_discovery:discover_packages(recursive) discover
[2.272s] INFO:colcon.colcon_core.package_discovery:Crawling recursively for packages in '/home/levin/ROS2_WS/Wheeled_robot'
[2.272s] Level 1:colcon.colcon_core.package_identification:_identify(/home/levin/ROS2_WS/Wheeled_robot) by extensions ['ignore', 'ignore_ament_install']
[2.272s] Level 1:colcon.colcon_core.package_identification:_identify(/home/levin/ROS2_WS/Wheeled_robot) by extension 'ignore'
[2.272s] Level 1:colcon.colcon_core.package_identification:_identify(/home/levin/ROS2_WS/Wheeled_robot) by extension 'ignore_ament_install'
[2.272s] Level 1:colcon.colcon_core.package_identification:_identify(/home/levin/ROS2_WS/Wheeled_robot) by extensions ['colcon_pkg']
[2.272s] Level 1:colcon.colcon_core.package_identification:_identify(/home/levin/ROS2_WS/Wheeled_robot) by extension 'colcon_pkg'
[2.272s] Level 1:colcon.colcon_core.package_identification:_identify(/home/levin/ROS2_WS/Wheeled_robot) by extensions ['colcon_meta']
[2.272s] Level 1:colcon.colcon_core.package_identification:_identify(/home/levin/ROS2_WS/Wheeled_robot) by extension 'colcon_meta'
[2.273s] Level 1:colcon.colcon_core.package_identification:_identify(/home/levin/ROS2_WS/Wheeled_robot) by extensions ['ros']
[2.273s] Level 1:colcon.colcon_core.package_identification:_identify(/home/levin/ROS2_WS/Wheeled_robot) by extension 'ros'
[2.286s] Level 1:colcon.colcon_core.package_identification:_identify(/home/levin/ROS2_WS/Wheeled_robot) by extensions ['cmake', 'python']
[2.287s] Level 1:colcon.colcon_core.package_identification:_identify(/home/levin/ROS2_WS/Wheeled_robot) by extension 'cmake'
[2.287s] Level 1:colcon.colcon_core.package_identification:_identify(/home/levin/ROS2_WS/Wheeled_robot) by extension 'python'
[2.287s] Level 1:colcon.colcon_core.package_identification:_identify(/home/levin/ROS2_WS/Wheeled_robot) by extensions ['python_setup_py']
[2.287s] Level 1:colcon.colcon_core.package_identification:_identify(/home/levin/ROS2_WS/Wheeled_robot) by extension 'python_setup_py'
[2.287s] Level 1:colcon.colcon_core.package_identification:_identify(/home/levin/ROS2_WS/Wheeled_robot/build) by extensions ['ignore', 'ignore_ament_install']
[2.287s] Level 1:colcon.colcon_core.package_identification:_identify(/home/levin/ROS2_WS/Wheeled_robot/build) by extension 'ignore'
[2.287s] Level 1:colcon.colcon_core.package_identification:_identify(/home/levin/ROS2_WS/Wheeled_robot/build) ignored
[2.288s] Level 1:colcon.colcon_core.package_identification:_identify(/home/levin/ROS2_WS/Wheeled_robot/install) by extensions ['ignore', 'ignore_ament_install']
[2.288s] Level 1:colcon.colcon_core.package_identification:_identify(/home/levin/ROS2_WS/Wheeled_robot/install) by extension 'ignore'
[2.288s] Level 1:colcon.colcon_core.package_identification:_identify(/home/levin/ROS2_WS/Wheeled_robot/install) ignored
[2.288s] Level 1:colcon.colcon_core.package_identification:_identify(/home/levin/ROS2_WS/Wheeled_robot/log) by extensions ['ignore', 'ignore_ament_install']
[2.288s] Level 1:colcon.colcon_core.package_identification:_identify(/home/levin/ROS2_WS/Wheeled_robot/log) by extension 'ignore'
[2.288s] Level 1:colcon.colcon_core.package_identification:_identify(/home/levin/ROS2_WS/Wheeled_robot/log) ignored
[2.288s] Level 1:colcon.colcon_core.package_identification:_identify(/home/levin/ROS2_WS/Wheeled_robot/src) by extensions ['ignore', 'ignore_ament_install']
[2.288s] Level 1:colcon.colcon_core.package_identification:_identify(/home/levin/ROS2_WS/Wheeled_robot/src) by extension 'ignore'
[2.288s] Level 1:colcon.colcon_core.package_identification:_identify(/home/levin/ROS2_WS/Wheeled_robot/src) by extension 'ignore_ament_install'
[2.289s] Level 1:colcon.colcon_core.package_identification:_identify(/home/levin/ROS2_WS/Wheeled_robot/src) by extensions ['colcon_pkg']
[2.289s] Level 1:colcon.colcon_core.package_identification:_identify(/home/levin/ROS2_WS/Wheeled_robot/src) by extension 'colcon_pkg'
[2.289s] Level 1:colcon.colcon_core.package_identification:_identify(/home/levin/ROS2_WS/Wheeled_robot/src) by extensions ['colcon_meta']
[2.289s] Level 1:colcon.colcon_core.package_identification:_identify(/home/levin/ROS2_WS/Wheeled_robot/src) by extension 'colcon_meta'
[2.289s] Level 1:colcon.colcon_core.package_identification:_identify(/home/levin/ROS2_WS/Wheeled_robot/src) by extensions ['ros']
[2.289s] Level 1:colcon.colcon_core.package_identification:_identify(/home/levin/ROS2_WS/Wheeled_robot/src) by extension 'ros'
[2.289s] Level 1:colcon.colcon_core.package_identification:_identify(/home/levin/ROS2_WS/Wheeled_robot/src) by extensions ['cmake', 'python']
[2.289s] Level 1:colcon.colcon_core.package_identification:_identify(/home/levin/ROS2_WS/Wheeled_robot/src) by extension 'cmake'
[2.289s] Level 1:colcon.colcon_core.package_identification:_identify(/home/levin/ROS2_WS/Wheeled_robot/src) by extension 'python'
[2.289s] Level 1:colcon.colcon_core.package_identification:_identify(/home/levin/ROS2_WS/Wheeled_robot/src) by extensions ['python_setup_py']
[2.289s] Level 1:colcon.colcon_core.package_identification:_identify(/home/levin/ROS2_WS/Wheeled_robot/src) by extension 'python_setup_py'
[2.289s] Level 1:colcon.colcon_core.package_identification:_identify(/home/levin/ROS2_WS/Wheeled_robot/src/dolly) by extensions ['ignore', 'ignore_ament_install']
[2.289s] Level 1:colcon.colcon_core.package_identification:_identify(/home/levin/ROS2_WS/Wheeled_robot/src/dolly) by extension 'ignore'
[2.290s] Level 1:colcon.colcon_core.package_identification:_identify(/home/levin/ROS2_WS/Wheeled_robot/src/dolly) by extension 'ignore_ament_install'
[2.290s] Level 1:colcon.colcon_core.package_identification:_identify(/home/levin/ROS2_WS/Wheeled_robot/src/dolly) by extensions ['colcon_pkg']
[2.290s] Level 1:colcon.colcon_core.package_identification:_identify(/home/levin/ROS2_WS/Wheeled_robot/src/dolly) by extension 'colcon_pkg'
[2.290s] Level 1:colcon.colcon_core.package_identification:_identify(/home/levin/ROS2_WS/Wheeled_robot/src/dolly) by extensions ['colcon_meta']
[2.290s] Level 1:colcon.colcon_core.package_identification:_identify(/home/levin/ROS2_WS/Wheeled_robot/src/dolly) by extension 'colcon_meta'
[2.290s] Level 1:colcon.colcon_core.package_identification:_identify(/home/levin/ROS2_WS/Wheeled_robot/src/dolly) by extensions ['ros']
[2.291s] Level 1:colcon.colcon_core.package_identification:_identify(/home/levin/ROS2_WS/Wheeled_robot/src/dolly) by extension 'ros'
[2.292s] Level 1:colcon.colcon_core.package_identification:_identify(/home/levin/ROS2_WS/Wheeled_robot/src/dolly) by extensions ['cmake', 'python']
[2.292s] Level 1:colcon.colcon_core.package_identification:_identify(/home/levin/ROS2_WS/Wheeled_robot/src/dolly) by extension 'cmake'
[2.292s] Level 1:colcon.colcon_core.package_identification:_identify(/home/levin/ROS2_WS/Wheeled_robot/src/dolly) by extension 'python'
[2.292s] Level 1:colcon.colcon_core.package_identification:_identify(/home/levin/ROS2_WS/Wheeled_robot/src/dolly) by extensions ['python_setup_py']
[2.293s] Level 1:colcon.colcon_core.package_identification:_identify(/home/levin/ROS2_WS/Wheeled_robot/src/dolly) by extension 'python_setup_py'
[2.297s] Level 1:colcon.colcon_core.package_identification:_identify(/home/levin/ROS2_WS/Wheeled_robot/src/dolly/dolly) by extensions ['ignore', 'ignore_ament_install']
[2.297s] Level 1:colcon.colcon_core.package_identification:_identify(/home/levin/ROS2_WS/Wheeled_robot/src/dolly/dolly) by extension 'ignore'
[2.300s] Level 1:colcon.colcon_core.package_identification:_identify(/home/levin/ROS2_WS/Wheeled_robot/src/dolly/dolly) by extension 'ignore_ament_install'
[2.300s] Level 1:colcon.colcon_core.package_identification:_identify(/home/levin/ROS2_WS/Wheeled_robot/src/dolly/dolly) by extensions ['colcon_pkg']
[2.300s] Level 1:colcon.colcon_core.package_identification:_identify(/home/levin/ROS2_WS/Wheeled_robot/src/dolly/dolly) by extension 'colcon_pkg'
[2.300s] Level 1:colcon.colcon_core.package_identification:_identify(/home/levin/ROS2_WS/Wheeled_robot/src/dolly/dolly) by extensions ['colcon_meta']
[2.300s] Level 1:colcon.colcon_core.package_identification:_identify(/home/levin/ROS2_WS/Wheeled_robot/src/dolly/dolly) by extension 'colcon_meta'
[2.300s] Level 1:colcon.colcon_core.package_identification:_identify(/home/levin/ROS2_WS/Wheeled_robot/src/dolly/dolly) by extensions ['ros']
[2.300s] Level 1:colcon.colcon_core.package_identification:_identify(/home/levin/ROS2_WS/Wheeled_robot/src/dolly/dolly) by extension 'ros'
[2.303s] DEBUG:colcon.colcon_core.package_identification:Package '/home/levin/ROS2_WS/Wheeled_robot/src/dolly/dolly' with type 'ros.ament_cmake' and name 'dolly'
[2.303s] Level 1:colcon.colcon_core.package_identification:_identify(/home/levin/ROS2_WS/Wheeled_robot/src/dolly/dolly_follow) by extensions ['ignore', 'ignore_ament_install']
[2.304s] Level 1:colcon.colcon_core.package_identification:_identify(/home/levin/ROS2_WS/Wheeled_robot/src/dolly/dolly_follow) by extension 'ignore'
[2.304s] Level 1:colcon.colcon_core.package_identification:_identify(/home/levin/ROS2_WS/Wheeled_robot/src/dolly/dolly_follow) by extension 'ignore_ament_install'
[2.304s] Level 1:colcon.colcon_core.package_identification:_identify(/home/levin/ROS2_WS/Wheeled_robot/src/dolly/dolly_follow) by extensions ['colcon_pkg']
[2.304s] Level 1:colcon.colcon_core.package_identification:_identify(/home/levin/ROS2_WS/Wheeled_robot/src/dolly/dolly_follow) by extension 'colcon_pkg'
[2.304s] Level 1:colcon.colcon_core.package_identification:_identify(/home/levin/ROS2_WS/Wheeled_robot/src/dolly/dolly_follow) by extensions ['colcon_meta']
[2.304s] Level 1:colcon.colcon_core.package_identification:_identify(/home/levin/ROS2_WS/Wheeled_robot/src/dolly/dolly_follow) by extension 'colcon_meta'
[2.304s] Level 1:colcon.colcon_core.package_identification:_identify(/home/levin/ROS2_WS/Wheeled_robot/src/dolly/dolly_follow) by extensions ['ros']
[2.304s] Level 1:colcon.colcon_core.package_identification:_identify(/home/levin/ROS2_WS/Wheeled_robot/src/dolly/dolly_follow) by extension 'ros'
[2.305s] DEBUG:colcon.colcon_core.package_identification:Package '/home/levin/ROS2_WS/Wheeled_robot/src/dolly/dolly_follow' with type 'ros.ament_cmake' and name 'dolly_follow'
[2.305s] Level 1:colcon.colcon_core.package_identification:_identify(/home/levin/ROS2_WS/Wheeled_robot/src/dolly/dolly_gazebo) by extensions ['ignore', 'ignore_ament_install']
[2.305s] Level 1:colcon.colcon_core.package_identification:_identify(/home/levin/ROS2_WS/Wheeled_robot/src/dolly/dolly_gazebo) by extension 'ignore'
[2.305s] Level 1:colcon.colcon_core.package_identification:_identify(/home/levin/ROS2_WS/Wheeled_robot/src/dolly/dolly_gazebo) by extension 'ignore_ament_install'
[2.305s] Level 1:colcon.colcon_core.package_identification:_identify(/home/levin/ROS2_WS/Wheeled_robot/src/dolly/dolly_gazebo) by extensions ['colcon_pkg']
[2.305s] Level 1:colcon.colcon_core.package_identification:_identify(/home/levin/ROS2_WS/Wheeled_robot/src/dolly/dolly_gazebo) by extension 'colcon_pkg'
[2.305s] Level 1:colcon.colcon_core.package_identification:_identify(/home/levin/ROS2_WS/Wheeled_robot/src/dolly/dolly_gazebo) by extensions ['colcon_meta']
[2.305s] Level 1:colcon.colcon_core.package_identification:_identify(/home/levin/ROS2_WS/Wheeled_robot/src/dolly/dolly_gazebo) by extension 'colcon_meta'
[2.305s] Level 1:colcon.colcon_core.package_identification:_identify(/home/levin/ROS2_WS/Wheeled_robot/src/dolly/dolly_gazebo) by extensions ['ros']
[2.305s] Level 1:colcon.colcon_core.package_identification:_identify(/home/levin/ROS2_WS/Wheeled_robot/src/dolly/dolly_gazebo) by extension 'ros'
[2.306s] DEBUG:colcon.colcon_core.package_identification:Package '/home/levin/ROS2_WS/Wheeled_robot/src/dolly/dolly_gazebo' with type 'ros.ament_cmake' and name 'dolly_gazebo'
[2.306s] Level 1:colcon.colcon_core.package_identification:_identify(/home/levin/ROS2_WS/Wheeled_robot/src/dolly/dolly_ignition) by extensions ['ignore', 'ignore_ament_install']
[2.306s] Level 1:colcon.colcon_core.package_identification:_identify(/home/levin/ROS2_WS/Wheeled_robot/src/dolly/dolly_ignition) by extension 'ignore'
[2.306s] Level 1:colcon.colcon_core.package_identification:_identify(/home/levin/ROS2_WS/Wheeled_robot/src/dolly/dolly_ignition) by extension 'ignore_ament_install'
[2.306s] Level 1:colcon.colcon_core.package_identification:_identify(/home/levin/ROS2_WS/Wheeled_robot/src/dolly/dolly_ignition) by extensions ['colcon_pkg']
[2.306s] Level 1:colcon.colcon_core.package_identification:_identify(/home/levin/ROS2_WS/Wheeled_robot/src/dolly/dolly_ignition) by extension 'colcon_pkg'
[2.307s] Level 1:colcon.colcon_core.package_identification:_identify(/home/levin/ROS2_WS/Wheeled_robot/src/dolly/dolly_ignition) by extensions ['colcon_meta']
[2.307s] Level 1:colcon.colcon_core.package_identification:_identify(/home/levin/ROS2_WS/Wheeled_robot/src/dolly/dolly_ignition) by extension 'colcon_meta'
[2.307s] Level 1:colcon.colcon_core.package_identification:_identify(/home/levin/ROS2_WS/Wheeled_robot/src/dolly/dolly_ignition) by extensions ['ros']
[2.307s] Level 1:colcon.colcon_core.package_identification:_identify(/home/levin/ROS2_WS/Wheeled_robot/src/dolly/dolly_ignition) by extension 'ros'
[2.307s] DEBUG:colcon.colcon_core.package_identification:Package '/home/levin/ROS2_WS/Wheeled_robot/src/dolly/dolly_ignition' with type 'ros.ament_cmake' and name 'dolly_ignition'
[2.308s] Level 1:colcon.colcon_core.package_identification:_identify(/home/levin/ROS2_WS/Wheeled_robot/src/dolly/dolly_tests) by extensions ['ignore', 'ignore_ament_install']
[2.308s] Level 1:colcon.colcon_core.package_identification:_identify(/home/levin/ROS2_WS/Wheeled_robot/src/dolly/dolly_tests) by extension 'ignore'
[2.308s] Level 1:colcon.colcon_core.package_identification:_identify(/home/levin/ROS2_WS/Wheeled_robot/src/dolly/dolly_tests) by extension 'ignore_ament_install'
[2.308s] Level 1:colcon.colcon_core.package_identification:_identify(/home/levin/ROS2_WS/Wheeled_robot/src/dolly/dolly_tests) by extensions ['colcon_pkg']
[2.308s] Level 1:colcon.colcon_core.package_identification:_identify(/home/levin/ROS2_WS/Wheeled_robot/src/dolly/dolly_tests) by extension 'colcon_pkg'
[2.308s] Level 1:colcon.colcon_core.package_identification:_identify(/home/levin/ROS2_WS/Wheeled_robot/src/dolly/dolly_tests) by extensions ['colcon_meta']
[2.308s] Level 1:colcon.colcon_core.package_identification:_identify(/home/levin/ROS2_WS/Wheeled_robot/src/dolly/dolly_tests) by extension 'colcon_meta'
[2.308s] Level 1:colcon.colcon_core.package_identification:_identify(/home/levin/ROS2_WS/Wheeled_robot/src/dolly/dolly_tests) by extensions ['ros']
[2.308s] Level 1:colcon.colcon_core.package_identification:_identify(/home/levin/ROS2_WS/Wheeled_robot/src/dolly/dolly_tests) by extension 'ros'
[2.337s] DEBUG:colcon.colcon_core.package_identification:Package '/home/levin/ROS2_WS/Wheeled_robot/src/dolly/dolly_tests' with type 'ros.ament_cmake' and name 'dolly_tests'
[2.337s] Level 1:colcon.colcon_core.package_identification:_identify(/home/levin/ROS2_WS/Wheeled_robot/src/dolly/images) by extensions ['ignore', 'ignore_ament_install']
[2.337s] Level 1:colcon.colcon_core.package_identification:_identify(/home/levin/ROS2_WS/Wheeled_robot/src/dolly/images) by extension 'ignore'
[2.337s] Level 1:colcon.colcon_core.package_identification:_identify(/home/levin/ROS2_WS/Wheeled_robot/src/dolly/images) by extension 'ignore_ament_install'
[2.338s] Level 1:colcon.colcon_core.package_identification:_identify(/home/levin/ROS2_WS/Wheeled_robot/src/dolly/images) by extensions ['colcon_pkg']
[2.338s] Level 1:colcon.colcon_core.package_identification:_identify(/home/levin/ROS2_WS/Wheeled_robot/src/dolly/images) by extension 'colcon_pkg'
[2.338s] Level 1:colcon.colcon_core.package_identification:_identify(/home/levin/ROS2_WS/Wheeled_robot/src/dolly/images) by extensions ['colcon_meta']
[2.338s] Level 1:colcon.colcon_core.package_identification:_identify(/home/levin/ROS2_WS/Wheeled_robot/src/dolly/images) by extension 'colcon_meta'
[2.338s] Level 1:colcon.colcon_core.package_identification:_identify(/home/levin/ROS2_WS/Wheeled_robot/src/dolly/images) by extensions ['ros']
[2.338s] Level 1:colcon.colcon_core.package_identification:_identify(/home/levin/ROS2_WS/Wheeled_robot/src/dolly/images) by extension 'ros'
[2.338s] Level 1:colcon.colcon_core.package_identification:_identify(/home/levin/ROS2_WS/Wheeled_robot/src/dolly/images) by extensions ['cmake', 'python']
[2.338s] Level 1:colcon.colcon_core.package_identification:_identify(/home/levin/ROS2_WS/Wheeled_robot/src/dolly/images) by extension 'cmake'
[2.338s] Level 1:colcon.colcon_core.package_identification:_identify(/home/levin/ROS2_WS/Wheeled_robot/src/dolly/images) by extension 'python'
[2.338s] Level 1:colcon.colcon_core.package_identification:_identify(/home/levin/ROS2_WS/Wheeled_robot/src/dolly/images) by extensions ['python_setup_py']
[2.338s] Level 1:colcon.colcon_core.package_identification:_identify(/home/levin/ROS2_WS/Wheeled_robot/src/dolly/images) by extension 'python_setup_py'
[2.338s] Level 1:colcon.colcon_core.package_identification:_identify(/home/levin/ROS2_WS/Wheeled_robot/src/my_package) by extensions ['ignore', 'ignore_ament_install']
[2.338s] Level 1:colcon.colcon_core.package_identification:_identify(/home/levin/ROS2_WS/Wheeled_robot/src/my_package) by extension 'ignore'
[2.338s] Level 1:colcon.colcon_core.package_identification:_identify(/home/levin/ROS2_WS/Wheeled_robot/src/my_package) by extension 'ignore_ament_install'
[2.338s] Level 1:colcon.colcon_core.package_identification:_identify(/home/levin/ROS2_WS/Wheeled_robot/src/my_package) by extensions ['colcon_pkg']
[2.338s] Level 1:colcon.colcon_core.package_identification:_identify(/home/levin/ROS2_WS/Wheeled_robot/src/my_package) by extension 'colcon_pkg'
[2.339s] Level 1:colcon.colcon_core.package_identification:_identify(/home/levin/ROS2_WS/Wheeled_robot/src/my_package) by extensions ['colcon_meta']
[2.346s] Level 1:colcon.colcon_core.package_identification:_identify(/home/levin/ROS2_WS/Wheeled_robot/src/my_package) by extension 'colcon_meta'
[2.346s] Level 1:colcon.colcon_core.package_identification:_identify(/home/levin/ROS2_WS/Wheeled_robot/src/my_package) by extensions ['ros']
[2.346s] Level 1:colcon.colcon_core.package_identification:_identify(/home/levin/ROS2_WS/Wheeled_robot/src/my_package) by extension 'ros'
[2.352s] DEBUG:colcon.colcon_core.package_identification:Found ROS schema reference in package manifest in '/home/levin/ROS2_WS/Wheeled_robot/src/my_package'
[2.352s] WARNING:colcon.colcon_core.package_identification:Failed to parse ROS package manifest in '/home/levin/ROS2_WS/Wheeled_robot/src/my_package': Error(s) in package '/home/levin/ROS2_WS/Wheeled_robot/src/my_package/package.xml':
Package name "my.package" does not follow naming conventions
[2.352s] Level 1:colcon.colcon_core.package_identification:_identify(/home/levin/ROS2_WS/Wheeled_robot/src/my_package) by extensions ['cmake', 'python']
[2.352s] Level 1:colcon.colcon_core.package_identification:_identify(/home/levin/ROS2_WS/Wheeled_robot/src/my_package) by extension 'cmake'
[2.354s] Level 1:colcon.colcon_core.package_identification:_identify(/home/levin/ROS2_WS/Wheeled_robot/src/my_package) by extension 'python'
[2.354s] DEBUG:colcon.colcon_core.package_identification:Package '/home/levin/ROS2_WS/Wheeled_robot/src/my_package' with type 'cmake' and name 'my_package'
[2.354s] Level 1:colcon.colcon_core.package_discovery:discover_packages(recursive) using defaults
