-- The C compiler identification is GNU 11.3.0
-- The CXX compiler identification is GNU 11.3.0
-- Detecting C compiler ABI info
-- Detecting C compiler ABI info - done
-- Check for working C compiler: /usr/bin/cc - skipped
-- Detecting C compile features
-- Detecting C compile features - done
-- Detecting CXX compiler ABI info
-- Detecting CXX compiler ABI info - done
-- Check for working CXX compiler: /usr/bin/c++ - skipped
-- Detecting CXX compile features
-- Detecting CXX compile features - done
-- Found ament_cmake: 1.3.3 (/opt/ros/humble/share/ament_cmake/cmake)
-- Found Python3: /usr/bin/python3.10 (found version "3.10.6") found components: Interpreter 
-- Override CMake install command with custom implementation using symlinks instead of copying resources
-- Found geometry_msgs: 4.2.3 (/opt/ros/humble/share/geometry_msgs/cmake)
-- Found rosidl_generator_c: 3.1.4 (/opt/ros/humble/share/rosidl_generator_c/cmake)
-- Found rosidl_adapter: 3.1.4 (/opt/ros/humble/share/rosidl_adapter/cmake)
-- Found rosidl_generator_cpp: 3.1.4 (/opt/ros/humble/share/rosidl_generator_cpp/cmake)
-- Using all available rosidl_typesupport_c: rosidl_typesupport_fastrtps_c;rosidl_typesupport_introspection_c
-- Using all available rosidl_typesupport_cpp: rosidl_typesupport_fastrtps_cpp;rosidl_typesupport_introspection_cpp
-- Found rclcpp: 16.0.3 (/opt/ros/humble/share/rclcpp/cmake)
-- Found rmw_implementation_cmake: 6.1.1 (/opt/ros/humble/share/rmw_implementation_cmake/cmake)
-- Found rmw_fastrtps_cpp: 6.2.2 (/opt/ros/humble/share/rmw_fastrtps_cpp/cmake)
-- Found OpenSSL: /usr/lib/x86_64-linux-gnu/libcrypto.so (found version "3.0.2")  
-- Found FastRTPS: /opt/ros/humble/include  
-- Using RMW implementation 'rmw_fastrtps_cpp' as default
-- Looking for pthread.h
-- Looking for pthread.h - found
-- Performing Test CMAKE_HAVE_LIBC_PTHREAD
-- Performing Test CMAKE_HAVE_LIBC_PTHREAD - Success
-- Found Threads: TRUE  
-- Found sensor_msgs: 4.2.3 (/opt/ros/humble/share/sensor_msgs/cmake)
-- Found ament_lint_auto: 0.12.5 (/opt/ros/humble/share/ament_lint_auto/cmake)
-- Added test 'copyright' to check source files copyright and LICENSE
-- Added test 'cppcheck' to perform static code analysis on C / C++ code
-- Configured cppcheck include dirs: 
-- Configured cppcheck exclude dirs and/or files: 
-- Added test 'cpplint' to check C / C++ code against the Google style
-- Configured cpplint exclude dirs and/or files: 
-- Added test 'lint_cmake' to check CMake code style
-- Added test 'uncrustify' to check C / C++ code style
-- Configured uncrustify additional arguments: 
-- Added test 'xmllint' to check XML markup files
-- Configuring done
-- Generating done
-- Build files have been written to: /home/levin/ROS2_WS/Wheeled_robot/build/dolly_follow
[ 50%] [32mBuilding CXX object CMakeFiles/dolly_follow.dir/src/dolly_follow.cpp.o[0m
[100%] [32m[1mLinking CXX executable dolly_follow[0m
[100%] Built target dolly_follow
-- Install configuration: ""
-- Execute custom install script
-- Symlinking: /home/levin/ROS2_WS/Wheeled_robot/install/dolly_follow/lib/dolly_follow/dolly_follow
-- Symlinking: /home/levin/ROS2_WS/Wheeled_robot/install/dolly_follow/share/ament_index/resource_index/package_run_dependencies/dolly_follow
-- Symlinking: /home/levin/ROS2_WS/Wheeled_robot/install/dolly_follow/share/ament_index/resource_index/parent_prefix_path/dolly_follow
-- Symlinking: /home/levin/ROS2_WS/Wheeled_robot/install/dolly_follow/share/dolly_follow/environment/ament_prefix_path.sh
-- Symlinking: /home/levin/ROS2_WS/Wheeled_robot/install/dolly_follow/share/dolly_follow/environment/ament_prefix_path.dsv
-- Symlinking: /home/levin/ROS2_WS/Wheeled_robot/install/dolly_follow/share/dolly_follow/environment/path.sh
-- Symlinking: /home/levin/ROS2_WS/Wheeled_robot/install/dolly_follow/share/dolly_follow/environment/path.dsv
-- Symlinking: /home/levin/ROS2_WS/Wheeled_robot/install/dolly_follow/share/dolly_follow/local_setup.bash
-- Symlinking: /home/levin/ROS2_WS/Wheeled_robot/install/dolly_follow/share/dolly_follow/local_setup.sh
-- Symlinking: /home/levin/ROS2_WS/Wheeled_robot/install/dolly_follow/share/dolly_follow/local_setup.zsh
-- Symlinking: /home/levin/ROS2_WS/Wheeled_robot/install/dolly_follow/share/dolly_follow/local_setup.dsv
-- Symlinking: /home/levin/ROS2_WS/Wheeled_robot/install/dolly_follow/share/dolly_follow/package.dsv
-- Symlinking: /home/levin/ROS2_WS/Wheeled_robot/install/dolly_follow/share/ament_index/resource_index/packages/dolly_follow
-- Symlinking: /home/levin/ROS2_WS/Wheeled_robot/install/dolly_follow/share/dolly_follow/cmake/dolly_followConfig.cmake
-- Symlinking: /home/levin/ROS2_WS/Wheeled_robot/install/dolly_follow/share/dolly_follow/cmake/dolly_followConfig-version.cmake
-- Symlinking: /home/levin/ROS2_WS/Wheeled_robot/install/dolly_follow/share/dolly_follow/package.xml
