[0.077s] Invoking command in '/home/levin/ROS2_WS/Wheeled_robot/build/dolly_follow': CMAKE_PREFIX_PATH=/opt/ros/humble /usr/bin/cmake /home/levin/ROS2_WS/Wheeled_robot/src/dolly/dolly_follow -DAMENT_CMAKE_SYMLINK_INSTALL=1 -DCMAKE_INSTALL_PREFIX=/home/levin/ROS2_WS/Wheeled_robot/install/dolly_follow
[1.588s] -- The C compiler identification is GNU 11.3.0
[1.988s] -- The CXX compiler identification is GNU 11.3.0
[2.096s] -- Detecting C compiler ABI info
[2.310s] -- Detecting C compiler ABI info - done
[2.318s] -- Check for working C compiler: /usr/bin/cc - skipped
[2.318s] -- Detecting C compile features
[2.334s] -- Detecting C compile features - done
[2.372s] -- Detecting CXX compiler ABI info
[2.498s] -- Detecting CXX compiler ABI info - done
[2.506s] -- Check for working CXX compiler: /usr/bin/c++ - skipped
[2.508s] -- Detecting CXX compile features
[2.508s] -- Detecting CXX compile features - done
[2.616s] -- Found ament_cmake: 1.3.3 (/opt/ros/humble/share/ament_cmake/cmake)
[2.945s] -- Found Python3: /usr/bin/python3.10 (found version "3.10.6") found components: Interpreter 
[3.062s] -- Override CMake install command with custom implementation using symlinks instead of copying resources
[3.195s] -- Found geometry_msgs: 4.2.3 (/opt/ros/humble/share/geometry_msgs/cmake)
[3.539s] -- Found rosidl_generator_c: 3.1.4 (/opt/ros/humble/share/rosidl_generator_c/cmake)
[3.553s] -- Found rosidl_adapter: 3.1.4 (/opt/ros/humble/share/rosidl_adapter/cmake)
[3.566s] -- Found rosidl_generator_cpp: 3.1.4 (/opt/ros/humble/share/rosidl_generator_cpp/cmake)
[3.639s] -- Using all available rosidl_typesupport_c: rosidl_typesupport_fastrtps_c;rosidl_typesupport_introspection_c
[3.668s] -- Using all available rosidl_typesupport_cpp: rosidl_typesupport_fastrtps_cpp;rosidl_typesupport_introspection_cpp
[3.877s] -- Found rclcpp: 16.0.3 (/opt/ros/humble/share/rclcpp/cmake)
[4.073s] -- Found rmw_implementation_cmake: 6.1.1 (/opt/ros/humble/share/rmw_implementation_cmake/cmake)
[4.085s] -- Found rmw_fastrtps_cpp: 6.2.2 (/opt/ros/humble/share/rmw_fastrtps_cpp/cmake)
[4.520s] -- Found OpenSSL: /usr/lib/x86_64-linux-gnu/libcrypto.so (found version "3.0.2")  
[4.586s] -- Found FastRTPS: /opt/ros/humble/include  
[4.667s] -- Using RMW implementation 'rmw_fastrtps_cpp' as default
[4.774s] -- Looking for pthread.h
[4.938s] -- Looking for pthread.h - found
[4.938s] -- Performing Test CMAKE_HAVE_LIBC_PTHREAD
[5.037s] -- Performing Test CMAKE_HAVE_LIBC_PTHREAD - Success
[5.037s] -- Found Threads: TRUE  
[5.373s] -- Found sensor_msgs: 4.2.3 (/opt/ros/humble/share/sensor_msgs/cmake)
[5.514s] -- Found ament_lint_auto: 0.12.5 (/opt/ros/humble/share/ament_lint_auto/cmake)
[5.720s] -- Added test 'copyright' to check source files copyright and LICENSE
[5.722s] -- Added test 'cppcheck' to perform static code analysis on C / C++ code
[5.722s] -- Configured cppcheck include dirs: 
[5.723s] -- Configured cppcheck exclude dirs and/or files: 
[5.724s] -- Added test 'cpplint' to check C / C++ code against the Google style
[5.724s] -- Configured cpplint exclude dirs and/or files: 
[5.725s] -- Added test 'lint_cmake' to check CMake code style
[5.726s] -- Added test 'uncrustify' to check C / C++ code style
[5.726s] -- Configured uncrustify additional arguments: 
[5.727s] -- Added test 'xmllint' to check XML markup files
[5.729s] -- Configuring done
[5.764s] -- Generating done
[5.767s] -- Build files have been written to: /home/levin/ROS2_WS/Wheeled_robot/build/dolly_follow
[5.780s] Invoked command in '/home/levin/ROS2_WS/Wheeled_robot/build/dolly_follow' returned '0': CMAKE_PREFIX_PATH=/opt/ros/humble /usr/bin/cmake /home/levin/ROS2_WS/Wheeled_robot/src/dolly/dolly_follow -DAMENT_CMAKE_SYMLINK_INSTALL=1 -DCMAKE_INSTALL_PREFIX=/home/levin/ROS2_WS/Wheeled_robot/install/dolly_follow
[5.781s] Invoking command in '/home/levin/ROS2_WS/Wheeled_robot/build/dolly_follow': CMAKE_PREFIX_PATH=/opt/ros/humble /usr/bin/cmake --build /home/levin/ROS2_WS/Wheeled_robot/build/dolly_follow -- -j2 -l2
[5.831s] [ 50%] [32mBuilding CXX object CMakeFiles/dolly_follow.dir/src/dolly_follow.cpp.o[0m
[20.160s] [100%] [32m[1mLinking CXX executable dolly_follow[0m
[22.019s] [100%] Built target dolly_follow
[22.042s] Invoked command in '/home/levin/ROS2_WS/Wheeled_robot/build/dolly_follow' returned '0': CMAKE_PREFIX_PATH=/opt/ros/humble /usr/bin/cmake --build /home/levin/ROS2_WS/Wheeled_robot/build/dolly_follow -- -j2 -l2
[22.092s] Invoking command in '/home/levin/ROS2_WS/Wheeled_robot/build/dolly_follow': CMAKE_PREFIX_PATH=/opt/ros/humble /usr/bin/cmake --install /home/levin/ROS2_WS/Wheeled_robot/build/dolly_follow
[22.112s] -- Install configuration: ""
[22.129s] -- Execute custom install script
[22.131s] -- Symlinking: /home/levin/ROS2_WS/Wheeled_robot/install/dolly_follow/lib/dolly_follow/dolly_follow
[22.142s] -- Symlinking: /home/levin/ROS2_WS/Wheeled_robot/install/dolly_follow/share/ament_index/resource_index/package_run_dependencies/dolly_follow
[22.152s] -- Symlinking: /home/levin/ROS2_WS/Wheeled_robot/install/dolly_follow/share/ament_index/resource_index/parent_prefix_path/dolly_follow
[22.161s] -- Symlinking: /home/levin/ROS2_WS/Wheeled_robot/install/dolly_follow/share/dolly_follow/environment/ament_prefix_path.sh
[22.171s] -- Symlinking: /home/levin/ROS2_WS/Wheeled_robot/install/dolly_follow/share/dolly_follow/environment/ament_prefix_path.dsv
[22.180s] -- Symlinking: /home/levin/ROS2_WS/Wheeled_robot/install/dolly_follow/share/dolly_follow/environment/path.sh
[22.189s] -- Symlinking: /home/levin/ROS2_WS/Wheeled_robot/install/dolly_follow/share/dolly_follow/environment/path.dsv
[22.198s] -- Symlinking: /home/levin/ROS2_WS/Wheeled_robot/install/dolly_follow/share/dolly_follow/local_setup.bash
[22.207s] -- Symlinking: /home/levin/ROS2_WS/Wheeled_robot/install/dolly_follow/share/dolly_follow/local_setup.sh
[22.216s] -- Symlinking: /home/levin/ROS2_WS/Wheeled_robot/install/dolly_follow/share/dolly_follow/local_setup.zsh
[22.225s] -- Symlinking: /home/levin/ROS2_WS/Wheeled_robot/install/dolly_follow/share/dolly_follow/local_setup.dsv
[22.238s] -- Symlinking: /home/levin/ROS2_WS/Wheeled_robot/install/dolly_follow/share/dolly_follow/package.dsv
[22.246s] -- Symlinking: /home/levin/ROS2_WS/Wheeled_robot/install/dolly_follow/share/ament_index/resource_index/packages/dolly_follow
[22.257s] -- Symlinking: /home/levin/ROS2_WS/Wheeled_robot/install/dolly_follow/share/dolly_follow/cmake/dolly_followConfig.cmake
[22.266s] -- Symlinking: /home/levin/ROS2_WS/Wheeled_robot/install/dolly_follow/share/dolly_follow/cmake/dolly_followConfig-version.cmake
[22.276s] -- Symlinking: /home/levin/ROS2_WS/Wheeled_robot/install/dolly_follow/share/dolly_follow/package.xml
[22.296s] Invoked command in '/home/levin/ROS2_WS/Wheeled_robot/build/dolly_follow' returned '0': CMAKE_PREFIX_PATH=/opt/ros/humble /usr/bin/cmake --install /home/levin/ROS2_WS/Wheeled_robot/build/dolly_follow
