-- The C compiler identification is GNU 11.3.0
-- The CXX compiler identification is GNU 11.3.0
-- Detecting C compiler ABI info
-- Detecting C compiler ABI info - done
-- Check for working C compiler: /usr/bin/cc - skipped
-- Detecting C compile features
-- Detecting C compile features - done
-- Detecting CXX compiler ABI info
-- Detecting CXX compiler ABI info - done
-- Check for working CXX compiler: /usr/bin/c++ - skipped
-- Detecting CXX compile features
-- Detecting CXX compile features - done
-- Found ament_cmake: 1.3.3 (/opt/ros/humble/share/ament_cmake/cmake)
-- Found Python3: /usr/bin/python3.10 (found version "3.10.6") found components: Interpreter 
-- Override CMake install command with custom implementation using symlinks instead of copying resources
-- Found ament_lint_auto: 0.12.5 (/opt/ros/humble/share/ament_lint_auto/cmake)
-- Added test 'copyright' to check source files copyright and LICENSE
-- Added test 'lint_cmake' to check CMake code style
-- Added test 'xmllint' to check XML markup files
-- Configuring done
-- Generating done
-- Build files have been written to: /home/levin/ROS2_WS/Wheeled_robot/build/dolly
-- Install configuration: ""
-- Execute custom install script
-- Symlinking: /home/levin/ROS2_WS/Wheeled_robot/install/dolly/share/ament_index/resource_index/package_run_dependencies/dolly
-- Symlinking: /home/levin/ROS2_WS/Wheeled_robot/install/dolly/share/ament_index/resource_index/parent_prefix_path/dolly
-- Symlinking: /home/levin/ROS2_WS/Wheeled_robot/install/dolly/share/dolly/environment/ament_prefix_path.sh
-- Symlinking: /home/levin/ROS2_WS/Wheeled_robot/install/dolly/share/dolly/environment/ament_prefix_path.dsv
-- Symlinking: /home/levin/ROS2_WS/Wheeled_robot/install/dolly/share/dolly/environment/path.sh
-- Symlinking: /home/levin/ROS2_WS/Wheeled_robot/install/dolly/share/dolly/environment/path.dsv
-- Symlinking: /home/levin/ROS2_WS/Wheeled_robot/install/dolly/share/dolly/local_setup.bash
-- Symlinking: /home/levin/ROS2_WS/Wheeled_robot/install/dolly/share/dolly/local_setup.sh
-- Symlinking: /home/levin/ROS2_WS/Wheeled_robot/install/dolly/share/dolly/local_setup.zsh
-- Symlinking: /home/levin/ROS2_WS/Wheeled_robot/install/dolly/share/dolly/local_setup.dsv
-- Symlinking: /home/levin/ROS2_WS/Wheeled_robot/install/dolly/share/dolly/package.dsv
-- Symlinking: /home/levin/ROS2_WS/Wheeled_robot/install/dolly/share/ament_index/resource_index/packages/dolly
-- Symlinking: /home/levin/ROS2_WS/Wheeled_robot/install/dolly/share/dolly/cmake/dollyConfig.cmake
-- Symlinking: /home/levin/ROS2_WS/Wheeled_robot/install/dolly/share/dolly/cmake/dollyConfig-version.cmake
-- Symlinking: /home/levin/ROS2_WS/Wheeled_robot/install/dolly/share/dolly/package.xml
