[0.012s] Invoking command in '/home/levin/ROS2_WS/Wheeled_robot/build/dolly': AMENT_PREFIX_PATH=/home/levin/ROS2_WS/Wheeled_robot/install/dolly_gazebo:/home/levin/ROS2_WS/Wheeled_robot/install/dolly_follow:${AMENT_PREFIX_PATH} CMAKE_PREFIX_PATH=/home/levin/ROS2_WS/Wheeled_robot/install/dolly_gazebo:/home/levin/ROS2_WS/Wheeled_robot/install/dolly_follow:/opt/ros/humble GAZEBO_MODEL_PATH=/home/levin/ROS2_WS/Wheeled_robot/install/dolly_gazebo/share/dolly_gazebo/models GAZEBO_RESOURCE_PATH=/home/levin/ROS2_WS/Wheeled_robot/install/dolly_gazebo/share/dolly_gazebo/worlds /usr/bin/cmake /home/levin/ROS2_WS/Wheeled_robot/src/dolly/dolly -DAMENT_CMAKE_SYMLINK_INSTALL=1 -DCMAKE_INSTALL_PREFIX=/home/levin/ROS2_WS/Wheeled_robot/install/dolly
[0.085s] -- The C compiler identification is GNU 11.3.0
[0.158s] -- The CXX compiler identification is GNU 11.3.0
[0.168s] -- Detecting C compiler ABI info
[0.265s] -- Detecting C compiler ABI info - done
[0.279s] -- Check for working C compiler: /usr/bin/cc - skipped
[0.279s] -- Detecting C compile features
[0.279s] -- Detecting C compile features - done
[0.285s] -- Detecting CXX compiler ABI info
[0.388s] -- Detecting CXX compiler ABI info - done
[0.401s] -- Check for working CXX compiler: /usr/bin/c++ - skipped
[0.402s] -- Detecting CXX compile features
[0.402s] -- Detecting CXX compile features - done
[0.406s] -- Found ament_cmake: 1.3.3 (/opt/ros/humble/share/ament_cmake/cmake)
[0.625s] -- Found Python3: /usr/bin/python3.10 (found version "3.10.6") found components: Interpreter 
[0.712s] -- Override CMake install command with custom implementation using symlinks instead of copying resources
[0.740s] -- Found ament_lint_auto: 0.12.5 (/opt/ros/humble/share/ament_lint_auto/cmake)
[0.863s] -- Added test 'copyright' to check source files copyright and LICENSE
[0.864s] -- Added test 'lint_cmake' to check CMake code style
[0.865s] -- Added test 'xmllint' to check XML markup files
[0.870s] -- Configuring done
[0.873s] -- Generating done
[0.874s] -- Build files have been written to: /home/levin/ROS2_WS/Wheeled_robot/build/dolly
[0.881s] Invoked command in '/home/levin/ROS2_WS/Wheeled_robot/build/dolly' returned '0': AMENT_PREFIX_PATH=/home/levin/ROS2_WS/Wheeled_robot/install/dolly_gazebo:/home/levin/ROS2_WS/Wheeled_robot/install/dolly_follow:${AMENT_PREFIX_PATH} CMAKE_PREFIX_PATH=/home/levin/ROS2_WS/Wheeled_robot/install/dolly_gazebo:/home/levin/ROS2_WS/Wheeled_robot/install/dolly_follow:/opt/ros/humble GAZEBO_MODEL_PATH=/home/levin/ROS2_WS/Wheeled_robot/install/dolly_gazebo/share/dolly_gazebo/models GAZEBO_RESOURCE_PATH=/home/levin/ROS2_WS/Wheeled_robot/install/dolly_gazebo/share/dolly_gazebo/worlds /usr/bin/cmake /home/levin/ROS2_WS/Wheeled_robot/src/dolly/dolly -DAMENT_CMAKE_SYMLINK_INSTALL=1 -DCMAKE_INSTALL_PREFIX=/home/levin/ROS2_WS/Wheeled_robot/install/dolly
[0.882s] Invoking command in '/home/levin/ROS2_WS/Wheeled_robot/build/dolly': AMENT_PREFIX_PATH=/home/levin/ROS2_WS/Wheeled_robot/install/dolly_gazebo:/home/levin/ROS2_WS/Wheeled_robot/install/dolly_follow:${AMENT_PREFIX_PATH} CMAKE_PREFIX_PATH=/home/levin/ROS2_WS/Wheeled_robot/install/dolly_gazebo:/home/levin/ROS2_WS/Wheeled_robot/install/dolly_follow:/opt/ros/humble GAZEBO_MODEL_PATH=/home/levin/ROS2_WS/Wheeled_robot/install/dolly_gazebo/share/dolly_gazebo/models GAZEBO_RESOURCE_PATH=/home/levin/ROS2_WS/Wheeled_robot/install/dolly_gazebo/share/dolly_gazebo/worlds /usr/bin/cmake --build /home/levin/ROS2_WS/Wheeled_robot/build/dolly -- -j2 -l2
[0.933s] Invoked command in '/home/levin/ROS2_WS/Wheeled_robot/build/dolly' returned '0': AMENT_PREFIX_PATH=/home/levin/ROS2_WS/Wheeled_robot/install/dolly_gazebo:/home/levin/ROS2_WS/Wheeled_robot/install/dolly_follow:${AMENT_PREFIX_PATH} CMAKE_PREFIX_PATH=/home/levin/ROS2_WS/Wheeled_robot/install/dolly_gazebo:/home/levin/ROS2_WS/Wheeled_robot/install/dolly_follow:/opt/ros/humble GAZEBO_MODEL_PATH=/home/levin/ROS2_WS/Wheeled_robot/install/dolly_gazebo/share/dolly_gazebo/models GAZEBO_RESOURCE_PATH=/home/levin/ROS2_WS/Wheeled_robot/install/dolly_gazebo/share/dolly_gazebo/worlds /usr/bin/cmake --build /home/levin/ROS2_WS/Wheeled_robot/build/dolly -- -j2 -l2
[0.960s] Invoking command in '/home/levin/ROS2_WS/Wheeled_robot/build/dolly': AMENT_PREFIX_PATH=/home/levin/ROS2_WS/Wheeled_robot/install/dolly_gazebo:/home/levin/ROS2_WS/Wheeled_robot/install/dolly_follow:${AMENT_PREFIX_PATH} CMAKE_PREFIX_PATH=/home/levin/ROS2_WS/Wheeled_robot/install/dolly_gazebo:/home/levin/ROS2_WS/Wheeled_robot/install/dolly_follow:/opt/ros/humble GAZEBO_MODEL_PATH=/home/levin/ROS2_WS/Wheeled_robot/install/dolly_gazebo/share/dolly_gazebo/models GAZEBO_RESOURCE_PATH=/home/levin/ROS2_WS/Wheeled_robot/install/dolly_gazebo/share/dolly_gazebo/worlds /usr/bin/cmake --install /home/levin/ROS2_WS/Wheeled_robot/build/dolly
[0.974s] -- Install configuration: ""
[0.974s] -- Execute custom install script
[0.974s] -- Symlinking: /home/levin/ROS2_WS/Wheeled_robot/install/dolly/share/ament_index/resource_index/package_run_dependencies/dolly
[0.985s] -- Symlinking: /home/levin/ROS2_WS/Wheeled_robot/install/dolly/share/ament_index/resource_index/parent_prefix_path/dolly
[0.998s] -- Symlinking: /home/levin/ROS2_WS/Wheeled_robot/install/dolly/share/dolly/environment/ament_prefix_path.sh
[1.014s] -- Symlinking: /home/levin/ROS2_WS/Wheeled_robot/install/dolly/share/dolly/environment/ament_prefix_path.dsv
[1.024s] -- Symlinking: /home/levin/ROS2_WS/Wheeled_robot/install/dolly/share/dolly/environment/path.sh
[1.035s] -- Symlinking: /home/levin/ROS2_WS/Wheeled_robot/install/dolly/share/dolly/environment/path.dsv
[1.045s] -- Symlinking: /home/levin/ROS2_WS/Wheeled_robot/install/dolly/share/dolly/local_setup.bash
[1.055s] -- Symlinking: /home/levin/ROS2_WS/Wheeled_robot/install/dolly/share/dolly/local_setup.sh
[1.064s] -- Symlinking: /home/levin/ROS2_WS/Wheeled_robot/install/dolly/share/dolly/local_setup.zsh
[1.077s] -- Symlinking: /home/levin/ROS2_WS/Wheeled_robot/install/dolly/share/dolly/local_setup.dsv
[1.084s] -- Symlinking: /home/levin/ROS2_WS/Wheeled_robot/install/dolly/share/dolly/package.dsv
[1.094s] -- Symlinking: /home/levin/ROS2_WS/Wheeled_robot/install/dolly/share/ament_index/resource_index/packages/dolly
[1.105s] -- Symlinking: /home/levin/ROS2_WS/Wheeled_robot/install/dolly/share/dolly/cmake/dollyConfig.cmake
[1.120s] -- Symlinking: /home/levin/ROS2_WS/Wheeled_robot/install/dolly/share/dolly/cmake/dollyConfig-version.cmake
[1.123s] -- Symlinking: /home/levin/ROS2_WS/Wheeled_robot/install/dolly/share/dolly/package.xml
[1.141s] Invoked command in '/home/levin/ROS2_WS/Wheeled_robot/build/dolly' returned '0': AMENT_PREFIX_PATH=/home/levin/ROS2_WS/Wheeled_robot/install/dolly_gazebo:/home/levin/ROS2_WS/Wheeled_robot/install/dolly_follow:${AMENT_PREFIX_PATH} CMAKE_PREFIX_PATH=/home/levin/ROS2_WS/Wheeled_robot/install/dolly_gazebo:/home/levin/ROS2_WS/Wheeled_robot/install/dolly_follow:/opt/ros/humble GAZEBO_MODEL_PATH=/home/levin/ROS2_WS/Wheeled_robot/install/dolly_gazebo/share/dolly_gazebo/models GAZEBO_RESOURCE_PATH=/home/levin/ROS2_WS/Wheeled_robot/install/dolly_gazebo/share/dolly_gazebo/worlds /usr/bin/cmake --install /home/levin/ROS2_WS/Wheeled_robot/build/dolly
