[0.014s] Invoking command in '/home/levin/ROS2_WS/wheeled_robot/build/my_package': CMAKE_PREFIX_PATH=/opt/ros/humble /usr/bin/cmake /home/levin/ROS2_WS/wheeled_robot/src/my_package -DAMENT_CMAKE_SYMLINK_INSTALL=1 -DCMAKE_INSTALL_PREFIX=/home/levin/ROS2_WS/wheeled_robot/install/my_package
[0.273s] -- The C compiler identification is GNU 11.3.0
[0.399s] -- The CXX compiler identification is GNU 11.3.0
[0.408s] -- Detecting C compiler ABI info
[0.521s] -- Detecting C compiler ABI info - done
[0.529s] -- Check for working C compiler: /usr/bin/cc - skipped
[0.529s] -- Detecting C compile features
[0.530s] -- Detecting C compile features - done
[0.533s] -- Detecting CXX compiler ABI info
[0.741s] -- Detecting CXX compiler ABI info - done
[0.750s] -- Check for working CXX compiler: /usr/bin/c++ - skipped
[0.751s] -- Detecting CXX compile features
[0.751s] -- Detecting CXX compile features - done
[0.775s] -- Found ament_cmake: 1.3.3 (/opt/ros/humble/share/ament_cmake/cmake)
[1.023s] -- Found Python3: /usr/bin/python3.10 (found version "3.10.6") found components: Interpreter 
[1.326s] -- Override CMake install command with custom implementation using symlinks instead of copying resources
[1.412s] -- Found rclcpp: 16.0.3 (/opt/ros/humble/share/rclcpp/cmake)
[1.582s] -- Found rosidl_generator_c: 3.1.4 (/opt/ros/humble/share/rosidl_generator_c/cmake)
[1.620s] -- Found rosidl_adapter: 3.1.4 (/opt/ros/humble/share/rosidl_adapter/cmake)
[1.633s] -- Found rosidl_generator_cpp: 3.1.4 (/opt/ros/humble/share/rosidl_generator_cpp/cmake)
[1.665s] -- Using all available rosidl_typesupport_c: rosidl_typesupport_fastrtps_c;rosidl_typesupport_introspection_c
[1.706s] -- Using all available rosidl_typesupport_cpp: rosidl_typesupport_fastrtps_cpp;rosidl_typesupport_introspection_cpp
[1.891s] -- Found rmw_implementation_cmake: 6.1.1 (/opt/ros/humble/share/rmw_implementation_cmake/cmake)
[1.911s] -- Found rmw_fastrtps_cpp: 6.2.2 (/opt/ros/humble/share/rmw_fastrtps_cpp/cmake)
[2.060s] -- Found OpenSSL: /usr/lib/x86_64-linux-gnu/libcrypto.so (found version "3.0.2")  
[2.090s] -- Found FastRTPS: /opt/ros/humble/include  
[2.145s] -- Using RMW implementation 'rmw_fastrtps_cpp' as default
[2.186s] -- Looking for pthread.h
[2.270s] -- Looking for pthread.h - found
[2.272s] -- Performing Test CMAKE_HAVE_LIBC_PTHREAD
[2.391s] -- Performing Test CMAKE_HAVE_LIBC_PTHREAD - Success
[2.393s] -- Found Threads: TRUE  
[2.690s] -- Found ament_lint_auto: 0.12.5 (/opt/ros/humble/share/ament_lint_auto/cmake)
[2.768s] [31mCMake Error at /opt/ros/humble/share/ament_cmake_core/cmake/core/ament_package_xml.cmake:53 (message):
[2.768s]   ament_package_xml() package name 'my_package' in '/package.xml' does not
[2.769s]   match current PROJECT_NAME 'my.package'.  You must call project() with the
[2.769s]   same package name before.
[2.770s] Call Stack (most recent call first):
[2.770s]   /opt/ros/humble/share/ament_lint_auto/cmake/ament_lint_auto_find_test_dependencies.cmake:31 (ament_package_xml)
[2.771s]   CMakeLists.txt:21 (ament_lint_auto_find_test_dependencies)
[2.773s] 
[2.775s] [0m
[2.775s] -- Configuring incomplete, errors occurred!
[2.775s] See also "/home/levin/ROS2_WS/wheeled_robot/build/my_package/CMakeFiles/CMakeOutput.log".
[2.780s] Invoked command in '/home/levin/ROS2_WS/wheeled_robot/build/my_package' returned '1': CMAKE_PREFIX_PATH=/opt/ros/humble /usr/bin/cmake /home/levin/ROS2_WS/wheeled_robot/src/my_package -DAMENT_CMAKE_SYMLINK_INSTALL=1 -DCMAKE_INSTALL_PREFIX=/home/levin/ROS2_WS/wheeled_robot/install/my_package
