[0.140s] Invoking command in '/home/levin/ROS2_WS/Wheeled_robot/build/dolly_gazebo': AMENT_PREFIX_PATH=/home/levin/ROS2_WS/Wheeled_robot/install/dolly_follow:${AMENT_PREFIX_PATH} CMAKE_PREFIX_PATH=/home/levin/ROS2_WS/Wheeled_robot/install/dolly_follow:/opt/ros/humble /usr/bin/cmake /home/levin/ROS2_WS/Wheeled_robot/src/dolly/dolly_gazebo -DAMENT_CMAKE_SYMLINK_INSTALL=1 -DCMAKE_INSTALL_PREFIX=/home/levin/ROS2_WS/Wheeled_robot/install/dolly_gazebo
[0.897s] -- The C compiler identification is GNU 11.3.0
[1.064s] -- The CXX compiler identification is GNU 11.3.0
[1.205s] -- Detecting C compiler ABI info
[1.411s] -- Detecting C compiler ABI info - done
[1.419s] -- Check for working C compiler: /usr/bin/cc - skipped
[1.419s] -- Detecting C compile features
[1.420s] -- Detecting C compile features - done
[1.429s] -- Detecting CXX compiler ABI info
[1.573s] -- Detecting CXX compiler ABI info - done
[1.581s] -- Check for working CXX compiler: /usr/bin/c++ - skipped
[1.582s] -- Detecting CXX compile features
[1.583s] -- Detecting CXX compile features - done
[1.767s] [33mCMake Warning (dev) at /usr/share/cmake-3.22/Modules/FindPackageHandleStandardArgs.cmake:438 (message):
[1.767s]   The package name passed to `find_package_handle_standard_args` (PkgConfig)
[1.767s]   does not match the name of the calling package (gazebo).  This can lead to
[1.767s]   problems in calling code that expects `find_package` result variables
[1.768s]   (e.g., `_FOUND`) to follow a certain pattern.
[1.768s] Call Stack (most recent call first):
[1.768s]   /usr/share/cmake-3.22/Modules/FindPkgConfig.cmake:99 (find_package_handle_standard_args)
[1.768s]   /usr/lib/x86_64-linux-gnu/cmake/gazebo/gazebo-config.cmake:72 (include)
[1.768s]   CMakeLists.txt:6 (find_package)
[1.768s] This warning is for project developers.  Use -Wno-dev to suppress it.
[1.769s] [0m
[1.769s] -- Found PkgConfig: /usr/bin/pkg-config (found version "0.29.2") 
[1.827s] -- Checking for module 'bullet>=2.82'
[1.878s] --   Found bullet, version 3.05
[2.527s] -- Found fcl: /usr/include (found suitable version "0.7.0", minimum required is "0.5.0") 
[2.589s] -- Found assimp: /usr/include (found version "5.2.0") 
[2.829s] -- Found DART: /usr/include (Required is at least version "6.6") found components: dart 
[3.202s] -- Found Boost: /usr/lib/x86_64-linux-gnu/cmake/Boost-1.74.0/BoostConfig.cmake (found suitable version "1.74.0", minimum required is "1.40.0") found components: thread system filesystem program_options regex iostreams date_time 
[3.423s] -- Found Protobuf: /usr/lib/x86_64-linux-gnu/libprotobuf.so (found version "3.12.4") 
[3.491s] -- Looking for ignition-math6 -- found version 6.12.0
[3.600s] -- Searching for dependencies of ignition-math6
[3.614s] -- Looking for OGRE...
[3.615s] -- OGRE_PREFIX_WATCH changed.
[3.620s] -- Checking for module 'OGRE'
[3.633s] --   Found OGRE, version 1.9.0
[3.684s] -- Found Ogre Ghadamon (1.9.0)
[3.698s] -- Found OGRE: optimized;/usr/lib/x86_64-linux-gnu/libOgreMain.so;debug;/usr/lib/x86_64-linux-gnu/libOgreMain.so
[3.710s] -- Looking for OGRE_Paging...
[3.719s] -- Found OGRE_Paging: optimized;/usr/lib/x86_64-linux-gnu/libOgrePaging.so;debug;/usr/lib/x86_64-linux-gnu/libOgrePaging.so
[3.720s] -- Looking for OGRE_Terrain...
[3.729s] -- Found OGRE_Terrain: optimized;/usr/lib/x86_64-linux-gnu/libOgreTerrain.so;debug;/usr/lib/x86_64-linux-gnu/libOgreTerrain.so
[3.729s] -- Looking for OGRE_Property...
[3.737s] -- Found OGRE_Property: optimized;/usr/lib/x86_64-linux-gnu/libOgreProperty.so;debug;/usr/lib/x86_64-linux-gnu/libOgreProperty.so
[3.738s] -- Looking for OGRE_RTShaderSystem...
[3.744s] -- Found OGRE_RTShaderSystem: optimized;/usr/lib/x86_64-linux-gnu/libOgreRTShaderSystem.so;debug;/usr/lib/x86_64-linux-gnu/libOgreRTShaderSystem.so
[3.745s] -- Looking for OGRE_Volume...
[3.751s] -- Found OGRE_Volume: optimized;/usr/lib/x86_64-linux-gnu/libOgreVolume.so;debug;/usr/lib/x86_64-linux-gnu/libOgreVolume.so
[3.752s] -- Looking for OGRE_Overlay...
[3.760s] -- Found OGRE_Overlay: optimized;/usr/lib/x86_64-linux-gnu/libOgreOverlay.so;debug;/usr/lib/x86_64-linux-gnu/libOgreOverlay.so
[3.976s] -- Looking for ignition-math6 -- found version 6.12.0
[3.993s] -- Looking for ignition-transport8 -- found version 8.2.1
[3.994s] -- Searching for dependencies of ignition-transport8
[4.027s] -- Found Protobuf: /usr/lib/x86_64-linux-gnu/libprotobuf.so (found suitable version "3.12.4", minimum required is "3") 
[4.049s] -- Config-file not installed for ZeroMQ -- checking for pkg-config
[4.055s] -- Checking for module 'libzmq >= 4'
[4.178s] --   Found libzmq , version 4.3.4
[4.217s] -- Found ZeroMQ: TRUE (Required is at least version "4") 
[4.224s] -- Checking for module 'uuid'
[4.248s] --   Found uuid, version 2.37.2
[4.290s] -- Found UUID: TRUE  
[4.312s] -- Looking for ignition-msgs5 -- found version 5.8.1
[4.313s] -- Searching for dependencies of ignition-msgs5
[4.333s] -- Looking for ignition-math6 -- found version 6.12.0
[4.339s] -- Checking for module 'tinyxml2'
[4.356s] --   Found tinyxml2, version 9.0.0
[4.410s] -- Looking for ignition-msgs5 -- found version 5.8.1
[4.434s] -- Looking for ignition-common3 -- found version 3.14.0
[4.434s] -- Searching for dependencies of ignition-common3
[4.450s] -- Looking for dlfcn.h - found
[4.451s] -- Looking for libdl - found
[4.453s] -- Found DL: TRUE  
[4.469s] -- Found tinyobjloader: /usr/lib/x86_64-linux-gnu/cmake/tinyobjloader/tinyobjloader-config.cmake (found version "2.0.0") 
[4.469s] -- Searching for <ignition-common3> component [graphics]
[4.471s] -- Looking for ignition-common3-graphics -- found version 3.14.0
[4.472s] -- Searching for dependencies of ignition-common3-graphics
[4.472s] -- Looking for ignition-math6 -- found version 6.12.0
[4.487s] -- Looking for ignition-fuel_tools4 -- found version 4.4.0
[4.488s] -- Searching for dependencies of ignition-fuel_tools4
[4.618s] -- Found CURL: /usr/lib/x86_64-linux-gnu/libcurl.so (found version "7.81.0")  
[4.670s] -- Checking for module 'jsoncpp'
[4.683s] --   Found jsoncpp, version 1.9.5
[4.715s] -- Found JSONCPP: TRUE  
[4.805s] -- Checking for module 'libzip'
[4.832s] --   Found libzip, version 1.7.3
[4.871s] -- Found ZIP: TRUE  
[4.872s] -- Looking for ignition-common3 -- found version 3.14.0
[4.873s] -- Looking for ignition-math6 -- found version 6.12.0
[4.873s] -- Looking for ignition-msgs5 -- found version 5.8.1
[4.950s] -- Found ament_cmake: 1.3.3 (/opt/ros/humble/share/ament_cmake/cmake)
[5.318s] -- Found Python3: /usr/bin/python3.10 (found version "3.10.6") found components: Interpreter 
[5.805s] -- Override CMake install command with custom implementation using symlinks instead of copying resources
[5.871s] -- Found ament_lint_auto: 0.12.5 (/opt/ros/humble/share/ament_lint_auto/cmake)
[6.251s] -- Added test 'copyright' to check source files copyright and LICENSE
[6.263s] -- Added test 'flake8' to check Python code syntax and style conventions
[6.268s] -- Added test 'lint_cmake' to check CMake code style
[6.270s] -- Added test 'pep257' to check Python code against some of the docstring style conventions in PEP 257
[6.278s] -- Added test 'xmllint' to check XML markup files
[6.283s] -- Configuring done
[6.290s] -- Generating done
[6.293s] -- Build files have been written to: /home/levin/ROS2_WS/Wheeled_robot/build/dolly_gazebo
[6.309s] Invoked command in '/home/levin/ROS2_WS/Wheeled_robot/build/dolly_gazebo' returned '0': AMENT_PREFIX_PATH=/home/levin/ROS2_WS/Wheeled_robot/install/dolly_follow:${AMENT_PREFIX_PATH} CMAKE_PREFIX_PATH=/home/levin/ROS2_WS/Wheeled_robot/install/dolly_follow:/opt/ros/humble /usr/bin/cmake /home/levin/ROS2_WS/Wheeled_robot/src/dolly/dolly_gazebo -DAMENT_CMAKE_SYMLINK_INSTALL=1 -DCMAKE_INSTALL_PREFIX=/home/levin/ROS2_WS/Wheeled_robot/install/dolly_gazebo
[6.311s] Invoking command in '/home/levin/ROS2_WS/Wheeled_robot/build/dolly_gazebo': AMENT_PREFIX_PATH=/home/levin/ROS2_WS/Wheeled_robot/install/dolly_follow:${AMENT_PREFIX_PATH} CMAKE_PREFIX_PATH=/home/levin/ROS2_WS/Wheeled_robot/install/dolly_follow:/opt/ros/humble /usr/bin/cmake --build /home/levin/ROS2_WS/Wheeled_robot/build/dolly_gazebo -- -j2 -l2
[6.351s] Invoked command in '/home/levin/ROS2_WS/Wheeled_robot/build/dolly_gazebo' returned '0': AMENT_PREFIX_PATH=/home/levin/ROS2_WS/Wheeled_robot/install/dolly_follow:${AMENT_PREFIX_PATH} CMAKE_PREFIX_PATH=/home/levin/ROS2_WS/Wheeled_robot/install/dolly_follow:/opt/ros/humble /usr/bin/cmake --build /home/levin/ROS2_WS/Wheeled_robot/build/dolly_gazebo -- -j2 -l2
[6.377s] Invoking command in '/home/levin/ROS2_WS/Wheeled_robot/build/dolly_gazebo': AMENT_PREFIX_PATH=/home/levin/ROS2_WS/Wheeled_robot/install/dolly_follow:${AMENT_PREFIX_PATH} CMAKE_PREFIX_PATH=/home/levin/ROS2_WS/Wheeled_robot/install/dolly_follow:/opt/ros/humble /usr/bin/cmake --install /home/levin/ROS2_WS/Wheeled_robot/build/dolly_gazebo
[6.385s] -- Install configuration: ""
[6.386s] -- Execute custom install script
[6.388s] -- Symlinking: /home/levin/ROS2_WS/Wheeled_robot/install/dolly_gazebo/share/dolly_gazebo//launch/dolly.launch.py
[6.398s] -- Symlinking: /home/levin/ROS2_WS/Wheeled_robot/install/dolly_gazebo/share/dolly_gazebo//models/casual_female/materials/textures/brown_eye.png
[6.408s] -- Symlinking: /home/levin/ROS2_WS/Wheeled_robot/install/dolly_gazebo/share/dolly_gazebo//models/casual_female/materials/textures/casual_female.png
[6.417s] -- Symlinking: /home/levin/ROS2_WS/Wheeled_robot/install/dolly_gazebo/share/dolly_gazebo//models/casual_female/materials/textures/eyebrow002.png
[6.425s] -- Symlinking: /home/levin/ROS2_WS/Wheeled_robot/install/dolly_gazebo/share/dolly_gazebo//models/casual_female/materials/textures/eyelashes01.png
[6.433s] -- Symlinking: /home/levin/ROS2_WS/Wheeled_robot/install/dolly_gazebo/share/dolly_gazebo//models/casual_female/materials/textures/female_casualsuit01_diffuse.png
[6.442s] -- Symlinking: /home/levin/ROS2_WS/Wheeled_robot/install/dolly_gazebo/share/dolly_gazebo//models/casual_female/materials/textures/female_casualsuit01_normal.png
[6.450s] -- Symlinking: /home/levin/ROS2_WS/Wheeled_robot/install/dolly_gazebo/share/dolly_gazebo//models/casual_female/materials/textures/female_casualsuit02_diffuse.png
[6.459s] -- Symlinking: /home/levin/ROS2_WS/Wheeled_robot/install/dolly_gazebo/share/dolly_gazebo//models/casual_female/materials/textures/female_casualsuit02_normal.png
[6.470s] -- Symlinking: /home/levin/ROS2_WS/Wheeled_robot/install/dolly_gazebo/share/dolly_gazebo//models/casual_female/materials/textures/ponytail01_diffuse.png
[6.479s] -- Symlinking: /home/levin/ROS2_WS/Wheeled_robot/install/dolly_gazebo/share/dolly_gazebo//models/casual_female/materials/textures/shoes05_diffuse.png
[6.487s] -- Symlinking: /home/levin/ROS2_WS/Wheeled_robot/install/dolly_gazebo/share/dolly_gazebo//models/casual_female/materials/textures/tongue01_diffuse.png
[6.496s] -- Symlinking: /home/levin/ROS2_WS/Wheeled_robot/install/dolly_gazebo/share/dolly_gazebo//models/casual_female/materials/textures/young_lightskinned_female_diffuse.png
[6.505s] -- Symlinking: /home/levin/ROS2_WS/Wheeled_robot/install/dolly_gazebo/share/dolly_gazebo//models/casual_female/meshes/casual_female.dae
[6.513s] -- Symlinking: /home/levin/ROS2_WS/Wheeled_robot/install/dolly_gazebo/share/dolly_gazebo//models/casual_female/model.config
[6.524s] -- Symlinking: /home/levin/ROS2_WS/Wheeled_robot/install/dolly_gazebo/share/dolly_gazebo//models/casual_female/model.sdf
[6.532s] -- Symlinking: /home/levin/ROS2_WS/Wheeled_robot/install/dolly_gazebo/share/dolly_gazebo//models/casual_female/thumbnails/1.png
[6.541s] -- Symlinking: /home/levin/ROS2_WS/Wheeled_robot/install/dolly_gazebo/share/dolly_gazebo//models/casual_female/thumbnails/2.png
[6.550s] -- Symlinking: /home/levin/ROS2_WS/Wheeled_robot/install/dolly_gazebo/share/dolly_gazebo//models/casual_female/thumbnails/3.png
[6.558s] -- Symlinking: /home/levin/ROS2_WS/Wheeled_robot/install/dolly_gazebo/share/dolly_gazebo//models/casual_female/thumbnails/4.png
[6.570s] -- Symlinking: /home/levin/ROS2_WS/Wheeled_robot/install/dolly_gazebo/share/dolly_gazebo//models/casual_female/thumbnails/5.png
[6.578s] -- Symlinking: /home/levin/ROS2_WS/Wheeled_robot/install/dolly_gazebo/share/dolly_gazebo//models/city_terrain/materials/textures/city_terrain (original).jpg
[6.587s] -- Symlinking: /home/levin/ROS2_WS/Wheeled_robot/install/dolly_gazebo/share/dolly_gazebo//models/city_terrain/materials/textures/city_terrain.jpg
[6.596s] -- Symlinking: /home/levin/ROS2_WS/Wheeled_robot/install/dolly_gazebo/share/dolly_gazebo//models/city_terrain/materials/textures/forest.jpg
[6.605s] -- Symlinking: /home/levin/ROS2_WS/Wheeled_robot/install/dolly_gazebo/share/dolly_gazebo//models/city_terrain/model.config
[6.613s] -- Symlinking: /home/levin/ROS2_WS/Wheeled_robot/install/dolly_gazebo/share/dolly_gazebo//models/city_terrain/model.sdf
[6.623s] -- Symlinking: /home/levin/ROS2_WS/Wheeled_robot/install/dolly_gazebo/share/dolly_gazebo//models/dolly/materials/scripts/script.material
[6.631s] -- Symlinking: /home/levin/ROS2_WS/Wheeled_robot/install/dolly_gazebo/share/dolly_gazebo//models/dolly/materials/textures/sheep.jpg
[6.640s] -- Symlinking: /home/levin/ROS2_WS/Wheeled_robot/install/dolly_gazebo/share/dolly_gazebo//models/dolly/model.config
[6.648s] -- Symlinking: /home/levin/ROS2_WS/Wheeled_robot/install/dolly_gazebo/share/dolly_gazebo//models/dolly/model.sdf
[6.657s] -- Symlinking: /home/levin/ROS2_WS/Wheeled_robot/install/dolly_gazebo/share/dolly_gazebo//models/ocean/materials/programs/GLSL/Waves.frag
[6.666s] -- Symlinking: /home/levin/ROS2_WS/Wheeled_robot/install/dolly_gazebo/share/dolly_gazebo//models/ocean/materials/programs/GLSL/Waves.vert
[6.676s] -- Symlinking: /home/levin/ROS2_WS/Wheeled_robot/install/dolly_gazebo/share/dolly_gazebo//models/ocean/materials/scripts/ocean.material
[6.685s] -- Symlinking: /home/levin/ROS2_WS/Wheeled_robot/install/dolly_gazebo/share/dolly_gazebo//models/ocean/materials/textures/License and source soil_sand_0045_01.txt
[6.694s] -- Symlinking: /home/levin/ROS2_WS/Wheeled_robot/install/dolly_gazebo/share/dolly_gazebo//models/ocean/materials/textures/clouds.jpg
[6.703s] -- Symlinking: /home/levin/ROS2_WS/Wheeled_robot/install/dolly_gazebo/share/dolly_gazebo//models/ocean/materials/textures/clouds_bk.jpg
[6.711s] -- Symlinking: /home/levin/ROS2_WS/Wheeled_robot/install/dolly_gazebo/share/dolly_gazebo//models/ocean/materials/textures/clouds_dn.jpg
[6.720s] -- Symlinking: /home/levin/ROS2_WS/Wheeled_robot/install/dolly_gazebo/share/dolly_gazebo//models/ocean/materials/textures/clouds_fr.jpg
[6.729s] -- Symlinking: /home/levin/ROS2_WS/Wheeled_robot/install/dolly_gazebo/share/dolly_gazebo//models/ocean/materials/textures/clouds_lf.jpg
[6.738s] -- Symlinking: /home/levin/ROS2_WS/Wheeled_robot/install/dolly_gazebo/share/dolly_gazebo//models/ocean/materials/textures/clouds_rt.jpg
[6.747s] -- Symlinking: /home/levin/ROS2_WS/Wheeled_robot/install/dolly_gazebo/share/dolly_gazebo//models/ocean/materials/textures/clouds_up.jpg
[6.756s] -- Symlinking: /home/levin/ROS2_WS/Wheeled_robot/install/dolly_gazebo/share/dolly_gazebo//models/ocean/materials/textures/normals.dds
[6.768s] -- Symlinking: /home/levin/ROS2_WS/Wheeled_robot/install/dolly_gazebo/share/dolly_gazebo//models/ocean/materials/textures/soil_sand_0045_01.jpg
[6.777s] -- Symlinking: /home/levin/ROS2_WS/Wheeled_robot/install/dolly_gazebo/share/dolly_gazebo//models/ocean/mesh-simple.dae
[6.787s] -- Symlinking: /home/levin/ROS2_WS/Wheeled_robot/install/dolly_gazebo/share/dolly_gazebo//models/ocean/mesh.blend
[6.794s] -- Symlinking: /home/levin/ROS2_WS/Wheeled_robot/install/dolly_gazebo/share/dolly_gazebo//models/ocean/mesh.dae
[6.805s] -- Symlinking: /home/levin/ROS2_WS/Wheeled_robot/install/dolly_gazebo/share/dolly_gazebo//models/ocean/mesh_below.dae
[6.822s] -- Symlinking: /home/levin/ROS2_WS/Wheeled_robot/install/dolly_gazebo/share/dolly_gazebo//models/ocean/model.config
[6.829s] -- Symlinking: /home/levin/ROS2_WS/Wheeled_robot/install/dolly_gazebo/share/dolly_gazebo//models/ocean/model.sdf
[6.838s] -- Symlinking: /home/levin/ROS2_WS/Wheeled_robot/install/dolly_gazebo/share/dolly_gazebo//rviz/dolly_gazebo.rviz
[6.848s] -- Symlinking: /home/levin/ROS2_WS/Wheeled_robot/install/dolly_gazebo/share/dolly_gazebo//worlds/dolly_city.world
[6.856s] -- Symlinking: /home/levin/ROS2_WS/Wheeled_robot/install/dolly_gazebo/share/dolly_gazebo//worlds/dolly_empty.world
[6.871s] -- Symlinking: /home/levin/ROS2_WS/Wheeled_robot/install/dolly_gazebo/share/dolly_gazebo/environment/dolly_gazebo.sh
[6.879s] -- Symlinking: /home/levin/ROS2_WS/Wheeled_robot/install/dolly_gazebo/share/dolly_gazebo/environment/dolly_gazebo.dsv
[6.889s] -- Symlinking: /home/levin/ROS2_WS/Wheeled_robot/install/dolly_gazebo/share/ament_index/resource_index/package_run_dependencies/dolly_gazebo
[6.898s] -- Symlinking: /home/levin/ROS2_WS/Wheeled_robot/install/dolly_gazebo/share/ament_index/resource_index/parent_prefix_path/dolly_gazebo
[6.907s] -- Symlinking: /home/levin/ROS2_WS/Wheeled_robot/install/dolly_gazebo/share/dolly_gazebo/environment/ament_prefix_path.sh
[6.916s] -- Symlinking: /home/levin/ROS2_WS/Wheeled_robot/install/dolly_gazebo/share/dolly_gazebo/environment/ament_prefix_path.dsv
[6.924s] -- Symlinking: /home/levin/ROS2_WS/Wheeled_robot/install/dolly_gazebo/share/dolly_gazebo/environment/path.sh
[6.933s] -- Symlinking: /home/levin/ROS2_WS/Wheeled_robot/install/dolly_gazebo/share/dolly_gazebo/environment/path.dsv
[6.941s] -- Symlinking: /home/levin/ROS2_WS/Wheeled_robot/install/dolly_gazebo/share/dolly_gazebo/local_setup.bash
[6.950s] -- Symlinking: /home/levin/ROS2_WS/Wheeled_robot/install/dolly_gazebo/share/dolly_gazebo/local_setup.sh
[6.959s] -- Symlinking: /home/levin/ROS2_WS/Wheeled_robot/install/dolly_gazebo/share/dolly_gazebo/local_setup.zsh
[6.969s] -- Symlinking: /home/levin/ROS2_WS/Wheeled_robot/install/dolly_gazebo/share/dolly_gazebo/local_setup.dsv
[6.978s] -- Symlinking: /home/levin/ROS2_WS/Wheeled_robot/install/dolly_gazebo/share/dolly_gazebo/package.dsv
[6.987s] -- Symlinking: /home/levin/ROS2_WS/Wheeled_robot/install/dolly_gazebo/share/ament_index/resource_index/packages/dolly_gazebo
[6.996s] -- Symlinking: /home/levin/ROS2_WS/Wheeled_robot/install/dolly_gazebo/share/dolly_gazebo/cmake/dolly_gazeboConfig.cmake
[7.004s] -- Symlinking: /home/levin/ROS2_WS/Wheeled_robot/install/dolly_gazebo/share/dolly_gazebo/cmake/dolly_gazeboConfig-version.cmake
[7.013s] -- Symlinking: /home/levin/ROS2_WS/Wheeled_robot/install/dolly_gazebo/share/dolly_gazebo/package.xml
[7.023s] Invoked command in '/home/levin/ROS2_WS/Wheeled_robot/build/dolly_gazebo' returned '0': AMENT_PREFIX_PATH=/home/levin/ROS2_WS/Wheeled_robot/install/dolly_follow:${AMENT_PREFIX_PATH} CMAKE_PREFIX_PATH=/home/levin/ROS2_WS/Wheeled_robot/install/dolly_follow:/opt/ros/humble /usr/bin/cmake --install /home/levin/ROS2_WS/Wheeled_robot/build/dolly_gazebo
