[0.076s] Invoking command in '/home/levin/ROS2_WS/Wheeled_robot/build/my_package': /usr/bin/cmake /home/levin/ROS2_WS/Wheeled_robot/src/my_package -DCMAKE_INSTALL_PREFIX=/home/levin/ROS2_WS/Wheeled_robot/install/my_package
[1.693s] -- The C compiler identification is GNU 11.3.0
[2.517s] -- The CXX compiler identification is GNU 11.3.0
[2.616s] -- Detecting C compiler ABI info
[2.850s] -- Detecting C compiler ABI info - done
[2.860s] -- Check for working C compiler: /usr/bin/cc - skipped
[2.864s] -- Detecting C compile features
[2.884s] -- Detecting C compile features - done
[2.902s] -- Detecting CXX compiler ABI info
[3.035s] -- Detecting CXX compiler ABI info - done
[3.046s] -- Check for working CXX compiler: /usr/bin/c++ - skipped
[3.047s] -- Detecting CXX compile features
[3.048s] -- Detecting CXX compile features - done
[3.090s] -- Found ament_cmake: 1.3.3 (/opt/ros/humble/share/ament_cmake/cmake)
[3.402s] -- Found Python3: /usr/bin/python3.10 (found version "3.10.6") found components: Interpreter 
[3.652s] -- Found rclcpp: 16.0.3 (/opt/ros/humble/share/rclcpp/cmake)
[3.905s] -- Found rosidl_generator_c: 3.1.4 (/opt/ros/humble/share/rosidl_generator_c/cmake)
[3.918s] -- Found rosidl_adapter: 3.1.4 (/opt/ros/humble/share/rosidl_adapter/cmake)
[3.932s] -- Found rosidl_generator_cpp: 3.1.4 (/opt/ros/humble/share/rosidl_generator_cpp/cmake)
[3.988s] -- Using all available rosidl_typesupport_c: rosidl_typesupport_fastrtps_c;rosidl_typesupport_introspection_c
[4.015s] -- Using all available rosidl_typesupport_cpp: rosidl_typesupport_fastrtps_cpp;rosidl_typesupport_introspection_cpp
[4.322s] -- Found rmw_implementation_cmake: 6.1.1 (/opt/ros/humble/share/rmw_implementation_cmake/cmake)
[4.344s] -- Found rmw_fastrtps_cpp: 6.2.2 (/opt/ros/humble/share/rmw_fastrtps_cpp/cmake)
[4.667s] -- Found OpenSSL: /usr/lib/x86_64-linux-gnu/libcrypto.so (found version "3.0.2")  
[4.735s] -- Found FastRTPS: /opt/ros/humble/include  
[4.816s] -- Using RMW implementation 'rmw_fastrtps_cpp' as default
[4.918s] -- Looking for pthread.h
[5.084s] -- Looking for pthread.h - found
[5.084s] -- Performing Test CMAKE_HAVE_LIBC_PTHREAD
[5.188s] -- Performing Test CMAKE_HAVE_LIBC_PTHREAD - Success
[5.188s] -- Found Threads: TRUE  
[5.572s] -- Found ament_lint_auto: 0.12.5 (/opt/ros/humble/share/ament_lint_auto/cmake)
[5.654s] Error parsing '/home/levin/ROS2_WS/Wheeled_robot/src/my_package/package.xml':
[5.809s] Traceback (most recent call last):
[5.809s]   File "/opt/ros/humble/share/ament_cmake_core/cmake/core/package_xml_2_cmake.py", line 150, in <module>
[5.809s]     main()
[5.809s]   File "/opt/ros/humble/share/ament_cmake_core/cmake/core/package_xml_2_cmake.py", line 53, in main
[5.810s]     raise e
[5.810s]   File "/opt/ros/humble/share/ament_cmake_core/cmake/core/package_xml_2_cmake.py", line 49, in main
[5.811s]     package = parse_package_string(
[5.811s]   File "/usr/lib/python3/dist-packages/catkin_pkg/package.py", line 788, in parse_package_string
[5.823s]     pkg.validate(warnings=warnings)
[5.823s]   File "/usr/lib/python3/dist-packages/catkin_pkg/package.py", line 330, in validate
[5.823s]     raise InvalidPackage('\n'.join(errors), self.filename)
[5.824s] catkin_pkg.package.InvalidPackage: Error(s) in package '/home/levin/ROS2_WS/Wheeled_robot/src/my_package/package.xml':
[5.824s] Package name "my.package" does not follow naming conventions
[5.850s] [31mCMake Error at /opt/ros/humble/share/ament_cmake_core/cmake/core/ament_package_xml.cmake:95 (message):
[5.850s]   execute_process(/usr/bin/python3.10
[5.850s]   /opt/ros/humble/share/ament_cmake_core/cmake/core/package_xml_2_cmake.py
[5.851s]   /home/levin/ROS2_WS/Wheeled_robot/src/my_package/package.xml
[5.851s]   /home/levin/ROS2_WS/Wheeled_robot/build/my_package/ament_cmake_core/package.cmake)
[5.851s]   returned error code 1
[5.851s] Call Stack (most recent call first):
[5.851s]   /opt/ros/humble/share/ament_cmake_core/cmake/core/ament_package_xml.cmake:49 (_ament_package_xml)
[5.851s]   /opt/ros/humble/share/ament_lint_auto/cmake/ament_lint_auto_find_test_dependencies.cmake:31 (ament_package_xml)
[5.851s]   CMakeLists.txt:21 (ament_lint_auto_find_test_dependencies)
[5.851s] 
[5.851s] [0m
[5.851s] -- Configuring incomplete, errors occurred!
[5.851s] See also "/home/levin/ROS2_WS/Wheeled_robot/build/my_package/CMakeFiles/CMakeOutput.log".
[5.866s] Invoked command in '/home/levin/ROS2_WS/Wheeled_robot/build/my_package' returned '1': /usr/bin/cmake /home/levin/ROS2_WS/Wheeled_robot/src/my_package -DCMAKE_INSTALL_PREFIX=/home/levin/ROS2_WS/Wheeled_robot/install/my_package
