[0.173s] Invoking command in '/home/levin/ROS2_WS/Wheeled_robot/build/dolly_ignition': AMENT_PREFIX_PATH=/home/levin/ROS2_WS/Wheeled_robot/install/dolly_follow:${AMENT_PREFIX_PATH} CMAKE_PREFIX_PATH=/home/levin/ROS2_WS/Wheeled_robot/install/dolly_follow:/opt/ros/humble /usr/bin/cmake /home/levin/ROS2_WS/Wheeled_robot/src/dolly/dolly_ignition -DAMENT_CMAKE_SYMLINK_INSTALL=1 -DCMAKE_INSTALL_PREFIX=/home/levin/ROS2_WS/Wheeled_robot/install/dolly_ignition
[0.934s] -- The C compiler identification is GNU 11.3.0
[1.104s] -- The CXX compiler identification is GNU 11.3.0
[1.242s] -- Detecting C compiler ABI info
[1.462s] -- Detecting C compiler ABI info - done
[1.471s] -- Check for working C compiler: /usr/bin/cc - skipped
[1.472s] -- Detecting C compile features
[1.473s] -- Detecting C compile features - done
[1.476s] -- Detecting CXX compiler ABI info
[1.609s] -- Detecting CXX compiler ABI info - done
[1.621s] -- Check for working CXX compiler: /usr/bin/c++ - skipped
[1.621s] -- Detecting CXX compile features
[1.621s] -- Detecting CXX compile features - done
[1.841s] [33mCMake Warning at CMakeLists.txt:16 (message):
[1.841s]   Ignition Gazebo 5 or 6 not found, proceeding without that simulator.
[1.841s] 
[1.842s] [0m
[1.842s] -- Configuring done
[1.848s] -- Generating done
[1.848s] [33mCMake Warning:
[1.848s]   Manually-specified variables were not used by the project:
[1.848s] 
[1.848s]     AMENT_CMAKE_SYMLINK_INSTALL
[1.849s] 
[1.849s] [0m
[1.849s] -- Build files have been written to: /home/levin/ROS2_WS/Wheeled_robot/build/dolly_ignition
[1.855s] Invoked command in '/home/levin/ROS2_WS/Wheeled_robot/build/dolly_ignition' returned '0': AMENT_PREFIX_PATH=/home/levin/ROS2_WS/Wheeled_robot/install/dolly_follow:${AMENT_PREFIX_PATH} CMAKE_PREFIX_PATH=/home/levin/ROS2_WS/Wheeled_robot/install/dolly_follow:/opt/ros/humble /usr/bin/cmake /home/levin/ROS2_WS/Wheeled_robot/src/dolly/dolly_ignition -DAMENT_CMAKE_SYMLINK_INSTALL=1 -DCMAKE_INSTALL_PREFIX=/home/levin/ROS2_WS/Wheeled_robot/install/dolly_ignition
[1.856s] Invoking command in '/home/levin/ROS2_WS/Wheeled_robot/build/dolly_ignition': AMENT_PREFIX_PATH=/home/levin/ROS2_WS/Wheeled_robot/install/dolly_follow:${AMENT_PREFIX_PATH} CMAKE_PREFIX_PATH=/home/levin/ROS2_WS/Wheeled_robot/install/dolly_follow:/opt/ros/humble /usr/bin/cmake --build /home/levin/ROS2_WS/Wheeled_robot/build/dolly_ignition -- -j2 -l2
[1.931s] Invoked command in '/home/levin/ROS2_WS/Wheeled_robot/build/dolly_ignition' returned '0': AMENT_PREFIX_PATH=/home/levin/ROS2_WS/Wheeled_robot/install/dolly_follow:${AMENT_PREFIX_PATH} CMAKE_PREFIX_PATH=/home/levin/ROS2_WS/Wheeled_robot/install/dolly_follow:/opt/ros/humble /usr/bin/cmake --build /home/levin/ROS2_WS/Wheeled_robot/build/dolly_ignition -- -j2 -l2
