[0.707s] DEBUG:colcon:Command line arguments: ['/usr/bin/colcon', 'build', '--symlink-install']
[0.707s] DEBUG:colcon:Parsed command line arguments: Namespace(log_base=None, log_level=None, verb_name='build', build_base='build', install_base='install', merge_install=False, symlink_install=True, test_result_base=None, continue_on_error=False, executor='parallel', parallel_workers=2, event_handlers=None, ignore_user_meta=False, metas=['./colcon.meta'], base_paths=['.'], packages_ignore=None, packages_ignore_regex=None, paths=None, packages_up_to=None, packages_up_to_regex=None, packages_above=None, packages_above_and_dependencies=None, packages_above_depth=None, packages_select_by_dep=None, packages_skip_by_dep=None, packages_skip_up_to=None, packages_select_build_failed=False, packages_skip_build_finished=False, packages_select_test_failures=False, packages_skip_test_passed=False, packages_select=None, packages_skip=None, packages_select_regex=None, packages_skip_regex=None, packages_start=None, packages_end=None, allow_overriding=[], cmake_args=None, cmake_target=None, cmake_target_skip_unavailable=False, cmake_clean_cache=False, cmake_clean_first=False, cmake_force_configure=False, ament_cmake_args=None, catkin_cmake_args=None, catkin_skip_building_tests=False, verb_parser=<colcon_defaults.argument_parser.defaults.DefaultArgumentsDecorator object at 0x7fb2d7de0520>, verb_extension=<colcon_core.verb.build.BuildVerb object at 0x7fb2d7d0a470>, main=<bound method BuildVerb.main of <colcon_core.verb.build.BuildVerb object at 0x7fb2d7d0a470>>)
[0.763s] Level 1:colcon.colcon_core.package_discovery:discover_packages(colcon_meta) check parameters
[0.763s] Level 1:colcon.colcon_core.package_discovery:discover_packages(recursive) check parameters
[0.763s] Level 1:colcon.colcon_core.package_discovery:discover_packages(ignore) check parameters
[0.763s] Level 1:colcon.colcon_core.package_discovery:discover_packages(path) check parameters
[0.763s] Level 1:colcon.colcon_core.package_discovery:discover_packages(colcon_meta) discover
[0.763s] Level 1:colcon.colcon_core.package_discovery:discover_packages(recursive) discover
[0.763s] INFO:colcon.colcon_core.package_discovery:Crawling recursively for packages in '/home/levin/ROS2_WS/Wheeled_robot'
[0.763s] Level 1:colcon.colcon_core.package_identification:_identify(.) by extensions ['ignore', 'ignore_ament_install']
[0.763s] Level 1:colcon.colcon_core.package_identification:_identify(.) by extension 'ignore'
[0.764s] Level 1:colcon.colcon_core.package_identification:_identify(.) by extension 'ignore_ament_install'
[0.764s] Level 1:colcon.colcon_core.package_identification:_identify(.) by extensions ['colcon_pkg']
[0.764s] Level 1:colcon.colcon_core.package_identification:_identify(.) by extension 'colcon_pkg'
[0.764s] Level 1:colcon.colcon_core.package_identification:_identify(.) by extensions ['colcon_meta']
[0.764s] Level 1:colcon.colcon_core.package_identification:_identify(.) by extension 'colcon_meta'
[0.764s] Level 1:colcon.colcon_core.package_identification:_identify(.) by extensions ['ros']
[0.764s] Level 1:colcon.colcon_core.package_identification:_identify(.) by extension 'ros'
[0.913s] Level 1:colcon.colcon_core.package_identification:_identify(.) by extensions ['cmake', 'python']
[0.913s] Level 1:colcon.colcon_core.package_identification:_identify(.) by extension 'cmake'
[0.913s] Level 1:colcon.colcon_core.package_identification:_identify(.) by extension 'python'
[0.913s] Level 1:colcon.colcon_core.package_identification:_identify(.) by extensions ['python_setup_py']
[0.913s] Level 1:colcon.colcon_core.package_identification:_identify(.) by extension 'python_setup_py'
[0.914s] Level 1:colcon.colcon_core.package_identification:_identify(build) by extensions ['ignore', 'ignore_ament_install']
[0.914s] Level 1:colcon.colcon_core.package_identification:_identify(build) by extension 'ignore'
[0.914s] Level 1:colcon.colcon_core.package_identification:_identify(build) ignored
[0.914s] Level 1:colcon.colcon_core.package_identification:_identify(install) by extensions ['ignore', 'ignore_ament_install']
[0.915s] Level 1:colcon.colcon_core.package_identification:_identify(install) by extension 'ignore'
[0.915s] Level 1:colcon.colcon_core.package_identification:_identify(install) ignored
[0.915s] Level 1:colcon.colcon_core.package_identification:_identify(log) by extensions ['ignore', 'ignore_ament_install']
[0.915s] Level 1:colcon.colcon_core.package_identification:_identify(log) by extension 'ignore'
[0.915s] Level 1:colcon.colcon_core.package_identification:_identify(log) ignored
[0.915s] Level 1:colcon.colcon_core.package_identification:_identify(src) by extensions ['ignore', 'ignore_ament_install']
[0.915s] Level 1:colcon.colcon_core.package_identification:_identify(src) by extension 'ignore'
[0.916s] Level 1:colcon.colcon_core.package_identification:_identify(src) by extension 'ignore_ament_install'
[0.916s] Level 1:colcon.colcon_core.package_identification:_identify(src) by extensions ['colcon_pkg']
[0.916s] Level 1:colcon.colcon_core.package_identification:_identify(src) by extension 'colcon_pkg'
[0.916s] Level 1:colcon.colcon_core.package_identification:_identify(src) by extensions ['colcon_meta']
[0.916s] Level 1:colcon.colcon_core.package_identification:_identify(src) by extension 'colcon_meta'
[0.916s] Level 1:colcon.colcon_core.package_identification:_identify(src) by extensions ['ros']
[0.916s] Level 1:colcon.colcon_core.package_identification:_identify(src) by extension 'ros'
[0.916s] Level 1:colcon.colcon_core.package_identification:_identify(src) by extensions ['cmake', 'python']
[0.916s] Level 1:colcon.colcon_core.package_identification:_identify(src) by extension 'cmake'
[0.916s] Level 1:colcon.colcon_core.package_identification:_identify(src) by extension 'python'
[0.917s] Level 1:colcon.colcon_core.package_identification:_identify(src) by extensions ['python_setup_py']
[0.917s] Level 1:colcon.colcon_core.package_identification:_identify(src) by extension 'python_setup_py'
[0.917s] Level 1:colcon.colcon_core.package_identification:_identify(src/dolly) by extensions ['ignore', 'ignore_ament_install']
[0.917s] Level 1:colcon.colcon_core.package_identification:_identify(src/dolly) by extension 'ignore'
[0.917s] Level 1:colcon.colcon_core.package_identification:_identify(src/dolly) by extension 'ignore_ament_install'
[0.917s] Level 1:colcon.colcon_core.package_identification:_identify(src/dolly) by extensions ['colcon_pkg']
[0.917s] Level 1:colcon.colcon_core.package_identification:_identify(src/dolly) by extension 'colcon_pkg'
[0.918s] Level 1:colcon.colcon_core.package_identification:_identify(src/dolly) by extensions ['colcon_meta']
[0.918s] Level 1:colcon.colcon_core.package_identification:_identify(src/dolly) by extension 'colcon_meta'
[0.918s] Level 1:colcon.colcon_core.package_identification:_identify(src/dolly) by extensions ['ros']
[0.918s] Level 1:colcon.colcon_core.package_identification:_identify(src/dolly) by extension 'ros'
[0.918s] Level 1:colcon.colcon_core.package_identification:_identify(src/dolly) by extensions ['cmake', 'python']
[0.918s] Level 1:colcon.colcon_core.package_identification:_identify(src/dolly) by extension 'cmake'
[0.918s] Level 1:colcon.colcon_core.package_identification:_identify(src/dolly) by extension 'python'
[0.918s] Level 1:colcon.colcon_core.package_identification:_identify(src/dolly) by extensions ['python_setup_py']
[0.918s] Level 1:colcon.colcon_core.package_identification:_identify(src/dolly) by extension 'python_setup_py'
[0.919s] Level 1:colcon.colcon_core.package_identification:_identify(src/dolly/dolly) by extensions ['ignore', 'ignore_ament_install']
[0.919s] Level 1:colcon.colcon_core.package_identification:_identify(src/dolly/dolly) by extension 'ignore'
[0.919s] Level 1:colcon.colcon_core.package_identification:_identify(src/dolly/dolly) by extension 'ignore_ament_install'
[0.919s] Level 1:colcon.colcon_core.package_identification:_identify(src/dolly/dolly) by extensions ['colcon_pkg']
[0.919s] Level 1:colcon.colcon_core.package_identification:_identify(src/dolly/dolly) by extension 'colcon_pkg'
[0.919s] Level 1:colcon.colcon_core.package_identification:_identify(src/dolly/dolly) by extensions ['colcon_meta']
[0.919s] Level 1:colcon.colcon_core.package_identification:_identify(src/dolly/dolly) by extension 'colcon_meta'
[0.919s] Level 1:colcon.colcon_core.package_identification:_identify(src/dolly/dolly) by extensions ['ros']
[0.919s] Level 1:colcon.colcon_core.package_identification:_identify(src/dolly/dolly) by extension 'ros'
[0.925s] DEBUG:colcon.colcon_core.package_identification:Package 'src/dolly/dolly' with type 'ros.ament_cmake' and name 'dolly'
[0.925s] Level 1:colcon.colcon_core.package_identification:_identify(src/dolly/dolly_follow) by extensions ['ignore', 'ignore_ament_install']
[0.925s] Level 1:colcon.colcon_core.package_identification:_identify(src/dolly/dolly_follow) by extension 'ignore'
[0.925s] Level 1:colcon.colcon_core.package_identification:_identify(src/dolly/dolly_follow) by extension 'ignore_ament_install'
[0.925s] Level 1:colcon.colcon_core.package_identification:_identify(src/dolly/dolly_follow) by extensions ['colcon_pkg']
[0.926s] Level 1:colcon.colcon_core.package_identification:_identify(src/dolly/dolly_follow) by extension 'colcon_pkg'
[0.926s] Level 1:colcon.colcon_core.package_identification:_identify(src/dolly/dolly_follow) by extensions ['colcon_meta']
[0.926s] Level 1:colcon.colcon_core.package_identification:_identify(src/dolly/dolly_follow) by extension 'colcon_meta'
[0.926s] Level 1:colcon.colcon_core.package_identification:_identify(src/dolly/dolly_follow) by extensions ['ros']
[0.926s] Level 1:colcon.colcon_core.package_identification:_identify(src/dolly/dolly_follow) by extension 'ros'
[0.927s] DEBUG:colcon.colcon_core.package_identification:Package 'src/dolly/dolly_follow' with type 'ros.ament_cmake' and name 'dolly_follow'
[0.928s] Level 1:colcon.colcon_core.package_identification:_identify(src/dolly/dolly_gazebo) by extensions ['ignore', 'ignore_ament_install']
[0.928s] Level 1:colcon.colcon_core.package_identification:_identify(src/dolly/dolly_gazebo) by extension 'ignore'
[0.928s] Level 1:colcon.colcon_core.package_identification:_identify(src/dolly/dolly_gazebo) by extension 'ignore_ament_install'
[0.928s] Level 1:colcon.colcon_core.package_identification:_identify(src/dolly/dolly_gazebo) by extensions ['colcon_pkg']
[0.928s] Level 1:colcon.colcon_core.package_identification:_identify(src/dolly/dolly_gazebo) by extension 'colcon_pkg'
[0.928s] Level 1:colcon.colcon_core.package_identification:_identify(src/dolly/dolly_gazebo) by extensions ['colcon_meta']
[0.928s] Level 1:colcon.colcon_core.package_identification:_identify(src/dolly/dolly_gazebo) by extension 'colcon_meta'
[0.929s] Level 1:colcon.colcon_core.package_identification:_identify(src/dolly/dolly_gazebo) by extensions ['ros']
[0.929s] Level 1:colcon.colcon_core.package_identification:_identify(src/dolly/dolly_gazebo) by extension 'ros'
[0.930s] DEBUG:colcon.colcon_core.package_identification:Package 'src/dolly/dolly_gazebo' with type 'ros.ament_cmake' and name 'dolly_gazebo'
[0.930s] Level 1:colcon.colcon_core.package_identification:_identify(src/dolly/dolly_ignition) by extensions ['ignore', 'ignore_ament_install']
[0.930s] Level 1:colcon.colcon_core.package_identification:_identify(src/dolly/dolly_ignition) by extension 'ignore'
[0.930s] Level 1:colcon.colcon_core.package_identification:_identify(src/dolly/dolly_ignition) by extension 'ignore_ament_install'
[0.931s] Level 1:colcon.colcon_core.package_identification:_identify(src/dolly/dolly_ignition) by extensions ['colcon_pkg']
[0.931s] Level 1:colcon.colcon_core.package_identification:_identify(src/dolly/dolly_ignition) by extension 'colcon_pkg'
[0.931s] Level 1:colcon.colcon_core.package_identification:_identify(src/dolly/dolly_ignition) by extensions ['colcon_meta']
[0.931s] Level 1:colcon.colcon_core.package_identification:_identify(src/dolly/dolly_ignition) by extension 'colcon_meta'
[0.931s] Level 1:colcon.colcon_core.package_identification:_identify(src/dolly/dolly_ignition) by extensions ['ros']
[0.931s] Level 1:colcon.colcon_core.package_identification:_identify(src/dolly/dolly_ignition) by extension 'ros'
[0.932s] DEBUG:colcon.colcon_core.package_identification:Package 'src/dolly/dolly_ignition' with type 'ros.ament_cmake' and name 'dolly_ignition'
[0.933s] Level 1:colcon.colcon_core.package_identification:_identify(src/dolly/dolly_tests) by extensions ['ignore', 'ignore_ament_install']
[0.933s] Level 1:colcon.colcon_core.package_identification:_identify(src/dolly/dolly_tests) by extension 'ignore'
[0.933s] Level 1:colcon.colcon_core.package_identification:_identify(src/dolly/dolly_tests) by extension 'ignore_ament_install'
[0.933s] Level 1:colcon.colcon_core.package_identification:_identify(src/dolly/dolly_tests) by extensions ['colcon_pkg']
[0.933s] Level 1:colcon.colcon_core.package_identification:_identify(src/dolly/dolly_tests) by extension 'colcon_pkg'
[0.933s] Level 1:colcon.colcon_core.package_identification:_identify(src/dolly/dolly_tests) by extensions ['colcon_meta']
[0.933s] Level 1:colcon.colcon_core.package_identification:_identify(src/dolly/dolly_tests) by extension 'colcon_meta'
[0.933s] Level 1:colcon.colcon_core.package_identification:_identify(src/dolly/dolly_tests) by extensions ['ros']
[0.933s] Level 1:colcon.colcon_core.package_identification:_identify(src/dolly/dolly_tests) by extension 'ros'
[0.943s] DEBUG:colcon.colcon_core.package_identification:Package 'src/dolly/dolly_tests' with type 'ros.ament_cmake' and name 'dolly_tests'
[0.944s] Level 1:colcon.colcon_core.package_identification:_identify(src/dolly/images) by extensions ['ignore', 'ignore_ament_install']
[0.944s] Level 1:colcon.colcon_core.package_identification:_identify(src/dolly/images) by extension 'ignore'
[0.944s] Level 1:colcon.colcon_core.package_identification:_identify(src/dolly/images) by extension 'ignore_ament_install'
[0.944s] Level 1:colcon.colcon_core.package_identification:_identify(src/dolly/images) by extensions ['colcon_pkg']
[0.944s] Level 1:colcon.colcon_core.package_identification:_identify(src/dolly/images) by extension 'colcon_pkg'
[0.945s] Level 1:colcon.colcon_core.package_identification:_identify(src/dolly/images) by extensions ['colcon_meta']
[0.945s] Level 1:colcon.colcon_core.package_identification:_identify(src/dolly/images) by extension 'colcon_meta'
[0.945s] Level 1:colcon.colcon_core.package_identification:_identify(src/dolly/images) by extensions ['ros']
[0.945s] Level 1:colcon.colcon_core.package_identification:_identify(src/dolly/images) by extension 'ros'
[0.945s] Level 1:colcon.colcon_core.package_identification:_identify(src/dolly/images) by extensions ['cmake', 'python']
[0.945s] Level 1:colcon.colcon_core.package_identification:_identify(src/dolly/images) by extension 'cmake'
[0.945s] Level 1:colcon.colcon_core.package_identification:_identify(src/dolly/images) by extension 'python'
[0.945s] Level 1:colcon.colcon_core.package_identification:_identify(src/dolly/images) by extensions ['python_setup_py']
[0.945s] Level 1:colcon.colcon_core.package_identification:_identify(src/dolly/images) by extension 'python_setup_py'
[0.945s] Level 1:colcon.colcon_core.package_discovery:discover_packages(recursive) using defaults
[0.946s] Level 1:colcon.colcon_core.package_discovery:discover_packages(ignore) discover
[0.946s] Level 1:colcon.colcon_core.package_discovery:discover_packages(ignore) using defaults
[0.946s] Level 1:colcon.colcon_core.package_discovery:discover_packages(path) discover
[0.946s] Level 1:colcon.colcon_core.package_discovery:discover_packages(path) using defaults
[1.010s] Level 1:colcon.colcon_core.package_discovery:discover_packages(prefix_path) check parameters
[1.010s] Level 1:colcon.colcon_core.package_discovery:discover_packages(prefix_path) discover
[1.043s] DEBUG:colcon.colcon_installed_package_information.package_discovery:Found 286 installed packages in /opt/ros/humble
[1.045s] Level 1:colcon.colcon_core.package_discovery:discover_packages(prefix_path) using defaults
[1.168s] Level 5:colcon.colcon_core.verb:set package 'dolly_follow' build argument 'cmake_args' from command line to 'None'
[1.168s] Level 5:colcon.colcon_core.verb:set package 'dolly_follow' build argument 'cmake_target' from command line to 'None'
[1.168s] Level 5:colcon.colcon_core.verb:set package 'dolly_follow' build argument 'cmake_target_skip_unavailable' from command line to 'False'
[1.168s] Level 5:colcon.colcon_core.verb:set package 'dolly_follow' build argument 'cmake_clean_cache' from command line to 'False'
[1.168s] Level 5:colcon.colcon_core.verb:set package 'dolly_follow' build argument 'cmake_clean_first' from command line to 'False'
[1.168s] Level 5:colcon.colcon_core.verb:set package 'dolly_follow' build argument 'cmake_force_configure' from command line to 'False'
[1.168s] Level 5:colcon.colcon_core.verb:set package 'dolly_follow' build argument 'ament_cmake_args' from command line to 'None'
[1.168s] Level 5:colcon.colcon_core.verb:set package 'dolly_follow' build argument 'catkin_cmake_args' from command line to 'None'
[1.168s] Level 5:colcon.colcon_core.verb:set package 'dolly_follow' build argument 'catkin_skip_building_tests' from command line to 'False'
[1.168s] DEBUG:colcon.colcon_core.verb:Building package 'dolly_follow' with the following arguments: {'ament_cmake_args': None, 'build_base': '/home/levin/ROS2_WS/Wheeled_robot/build/dolly_follow', 'catkin_cmake_args': None, 'catkin_skip_building_tests': False, 'cmake_args': None, 'cmake_clean_cache': False, 'cmake_clean_first': False, 'cmake_force_configure': False, 'cmake_target': None, 'cmake_target_skip_unavailable': False, 'install_base': '/home/levin/ROS2_WS/Wheeled_robot/install/dolly_follow', 'merge_install': False, 'path': '/home/levin/ROS2_WS/Wheeled_robot/src/dolly/dolly_follow', 'symlink_install': True, 'test_result_base': None}
[1.169s] Level 5:colcon.colcon_core.verb:set package 'dolly_gazebo' build argument 'cmake_args' from command line to 'None'
[1.169s] Level 5:colcon.colcon_core.verb:set package 'dolly_gazebo' build argument 'cmake_target' from command line to 'None'
[1.169s] Level 5:colcon.colcon_core.verb:set package 'dolly_gazebo' build argument 'cmake_target_skip_unavailable' from command line to 'False'
[1.169s] Level 5:colcon.colcon_core.verb:set package 'dolly_gazebo' build argument 'cmake_clean_cache' from command line to 'False'
[1.169s] Level 5:colcon.colcon_core.verb:set package 'dolly_gazebo' build argument 'cmake_clean_first' from command line to 'False'
[1.169s] Level 5:colcon.colcon_core.verb:set package 'dolly_gazebo' build argument 'cmake_force_configure' from command line to 'False'
[1.169s] Level 5:colcon.colcon_core.verb:set package 'dolly_gazebo' build argument 'ament_cmake_args' from command line to 'None'
[1.169s] Level 5:colcon.colcon_core.verb:set package 'dolly_gazebo' build argument 'catkin_cmake_args' from command line to 'None'
[1.170s] Level 5:colcon.colcon_core.verb:set package 'dolly_gazebo' build argument 'catkin_skip_building_tests' from command line to 'False'
[1.170s] DEBUG:colcon.colcon_core.verb:Building package 'dolly_gazebo' with the following arguments: {'ament_cmake_args': None, 'build_base': '/home/levin/ROS2_WS/Wheeled_robot/build/dolly_gazebo', 'catkin_cmake_args': None, 'catkin_skip_building_tests': False, 'cmake_args': None, 'cmake_clean_cache': False, 'cmake_clean_first': False, 'cmake_force_configure': False, 'cmake_target': None, 'cmake_target_skip_unavailable': False, 'install_base': '/home/levin/ROS2_WS/Wheeled_robot/install/dolly_gazebo', 'merge_install': False, 'path': '/home/levin/ROS2_WS/Wheeled_robot/src/dolly/dolly_gazebo', 'symlink_install': True, 'test_result_base': None}
[1.171s] Level 5:colcon.colcon_core.verb:set package 'dolly_ignition' build argument 'cmake_args' from command line to 'None'
[1.171s] Level 5:colcon.colcon_core.verb:set package 'dolly_ignition' build argument 'cmake_target' from command line to 'None'
[1.171s] Level 5:colcon.colcon_core.verb:set package 'dolly_ignition' build argument 'cmake_target_skip_unavailable' from command line to 'False'
[1.171s] Level 5:colcon.colcon_core.verb:set package 'dolly_ignition' build argument 'cmake_clean_cache' from command line to 'False'
[1.171s] Level 5:colcon.colcon_core.verb:set package 'dolly_ignition' build argument 'cmake_clean_first' from command line to 'False'
[1.171s] Level 5:colcon.colcon_core.verb:set package 'dolly_ignition' build argument 'cmake_force_configure' from command line to 'False'
[1.171s] Level 5:colcon.colcon_core.verb:set package 'dolly_ignition' build argument 'ament_cmake_args' from command line to 'None'
[1.171s] Level 5:colcon.colcon_core.verb:set package 'dolly_ignition' build argument 'catkin_cmake_args' from command line to 'None'
[1.171s] Level 5:colcon.colcon_core.verb:set package 'dolly_ignition' build argument 'catkin_skip_building_tests' from command line to 'False'
[1.171s] DEBUG:colcon.colcon_core.verb:Building package 'dolly_ignition' with the following arguments: {'ament_cmake_args': None, 'build_base': '/home/levin/ROS2_WS/Wheeled_robot/build/dolly_ignition', 'catkin_cmake_args': None, 'catkin_skip_building_tests': False, 'cmake_args': None, 'cmake_clean_cache': False, 'cmake_clean_first': False, 'cmake_force_configure': False, 'cmake_target': None, 'cmake_target_skip_unavailable': False, 'install_base': '/home/levin/ROS2_WS/Wheeled_robot/install/dolly_ignition', 'merge_install': False, 'path': '/home/levin/ROS2_WS/Wheeled_robot/src/dolly/dolly_ignition', 'symlink_install': True, 'test_result_base': None}
[1.172s] Level 5:colcon.colcon_core.verb:set package 'dolly_tests' build argument 'cmake_args' from command line to 'None'
[1.172s] Level 5:colcon.colcon_core.verb:set package 'dolly_tests' build argument 'cmake_target' from command line to 'None'
[1.172s] Level 5:colcon.colcon_core.verb:set package 'dolly_tests' build argument 'cmake_target_skip_unavailable' from command line to 'False'
[1.172s] Level 5:colcon.colcon_core.verb:set package 'dolly_tests' build argument 'cmake_clean_cache' from command line to 'False'
[1.172s] Level 5:colcon.colcon_core.verb:set package 'dolly_tests' build argument 'cmake_clean_first' from command line to 'False'
[1.172s] Level 5:colcon.colcon_core.verb:set package 'dolly_tests' build argument 'cmake_force_configure' from command line to 'False'
[1.172s] Level 5:colcon.colcon_core.verb:set package 'dolly_tests' build argument 'ament_cmake_args' from command line to 'None'
[1.173s] Level 5:colcon.colcon_core.verb:set package 'dolly_tests' build argument 'catkin_cmake_args' from command line to 'None'
[1.173s] Level 5:colcon.colcon_core.verb:set package 'dolly_tests' build argument 'catkin_skip_building_tests' from command line to 'False'
[1.173s] DEBUG:colcon.colcon_core.verb:Building package 'dolly_tests' with the following arguments: {'ament_cmake_args': None, 'build_base': '/home/levin/ROS2_WS/Wheeled_robot/build/dolly_tests', 'catkin_cmake_args': None, 'catkin_skip_building_tests': False, 'cmake_args': None, 'cmake_clean_cache': False, 'cmake_clean_first': False, 'cmake_force_configure': False, 'cmake_target': None, 'cmake_target_skip_unavailable': False, 'install_base': '/home/levin/ROS2_WS/Wheeled_robot/install/dolly_tests', 'merge_install': False, 'path': '/home/levin/ROS2_WS/Wheeled_robot/src/dolly/dolly_tests', 'symlink_install': True, 'test_result_base': None}
[1.174s] Level 5:colcon.colcon_core.verb:set package 'dolly' build argument 'cmake_args' from command line to 'None'
[1.174s] Level 5:colcon.colcon_core.verb:set package 'dolly' build argument 'cmake_target' from command line to 'None'
[1.174s] Level 5:colcon.colcon_core.verb:set package 'dolly' build argument 'cmake_target_skip_unavailable' from command line to 'False'
[1.174s] Level 5:colcon.colcon_core.verb:set package 'dolly' build argument 'cmake_clean_cache' from command line to 'False'
[1.174s] Level 5:colcon.colcon_core.verb:set package 'dolly' build argument 'cmake_clean_first' from command line to 'False'
[1.174s] Level 5:colcon.colcon_core.verb:set package 'dolly' build argument 'cmake_force_configure' from command line to 'False'
[1.174s] Level 5:colcon.colcon_core.verb:set package 'dolly' build argument 'ament_cmake_args' from command line to 'None'
[1.174s] Level 5:colcon.colcon_core.verb:set package 'dolly' build argument 'catkin_cmake_args' from command line to 'None'
[1.174s] Level 5:colcon.colcon_core.verb:set package 'dolly' build argument 'catkin_skip_building_tests' from command line to 'False'
[1.174s] DEBUG:colcon.colcon_core.verb:Building package 'dolly' with the following arguments: {'ament_cmake_args': None, 'build_base': '/home/levin/ROS2_WS/Wheeled_robot/build/dolly', 'catkin_cmake_args': None, 'catkin_skip_building_tests': False, 'cmake_args': None, 'cmake_clean_cache': False, 'cmake_clean_first': False, 'cmake_force_configure': False, 'cmake_target': None, 'cmake_target_skip_unavailable': False, 'install_base': '/home/levin/ROS2_WS/Wheeled_robot/install/dolly', 'merge_install': False, 'path': '/home/levin/ROS2_WS/Wheeled_robot/src/dolly/dolly', 'symlink_install': True, 'test_result_base': None}
[1.175s] INFO:colcon.colcon_core.executor:Executing jobs using 'parallel' executor
[1.179s] DEBUG:colcon.colcon_parallel_executor.executor.parallel:run_until_complete
[1.180s] INFO:colcon.colcon_ros.task.ament_cmake.build:Building ROS package in '/home/levin/ROS2_WS/Wheeled_robot/src/dolly/dolly_follow' with build type 'ament_cmake'
[1.180s] INFO:colcon.colcon_cmake.task.cmake.build:Building CMake package in '/home/levin/ROS2_WS/Wheeled_robot/src/dolly/dolly_follow'
[1.223s] INFO:colcon.colcon_core.plugin_system:Skipping extension 'colcon_core.shell.bat': Not used on non-Windows systems
[1.223s] INFO:colcon.colcon_core.shell:Skip shell extension 'powershell' for command environment: Not usable outside of PowerShell
[1.223s] DEBUG:colcon.colcon_core.shell:Skip shell extension 'dsv' for command environment
[1.256s] DEBUG:colcon.colcon_core.event_handler.log_command:Invoking command in '/home/levin/ROS2_WS/Wheeled_robot/build/dolly_follow': CMAKE_PREFIX_PATH=/opt/ros/humble /usr/bin/cmake /home/levin/ROS2_WS/Wheeled_robot/src/dolly/dolly_follow -DAMENT_CMAKE_SYMLINK_INSTALL=1 -DCMAKE_INSTALL_PREFIX=/home/levin/ROS2_WS/Wheeled_robot/install/dolly_follow
[6.960s] DEBUG:colcon.colcon_core.event_handler.log_command:Invoked command in '/home/levin/ROS2_WS/Wheeled_robot/build/dolly_follow' returned '0': CMAKE_PREFIX_PATH=/opt/ros/humble /usr/bin/cmake /home/levin/ROS2_WS/Wheeled_robot/src/dolly/dolly_follow -DAMENT_CMAKE_SYMLINK_INSTALL=1 -DCMAKE_INSTALL_PREFIX=/home/levin/ROS2_WS/Wheeled_robot/install/dolly_follow
[6.961s] DEBUG:colcon.colcon_core.event_handler.log_command:Invoking command in '/home/levin/ROS2_WS/Wheeled_robot/build/dolly_follow': CMAKE_PREFIX_PATH=/opt/ros/humble /usr/bin/cmake --build /home/levin/ROS2_WS/Wheeled_robot/build/dolly_follow -- -j2 -l2
[23.223s] DEBUG:colcon.colcon_core.event_handler.log_command:Invoked command in '/home/levin/ROS2_WS/Wheeled_robot/build/dolly_follow' returned '0': CMAKE_PREFIX_PATH=/opt/ros/humble /usr/bin/cmake --build /home/levin/ROS2_WS/Wheeled_robot/build/dolly_follow -- -j2 -l2
[23.272s] DEBUG:colcon.colcon_core.event_handler.log_command:Invoking command in '/home/levin/ROS2_WS/Wheeled_robot/build/dolly_follow': CMAKE_PREFIX_PATH=/opt/ros/humble /usr/bin/cmake --install /home/levin/ROS2_WS/Wheeled_robot/build/dolly_follow
[23.466s] Level 1:colcon.colcon_core.environment:create_environment_scripts_only(dolly_follow)
[23.476s] DEBUG:colcon.colcon_core.event_handler.log_command:Invoked command in '/home/levin/ROS2_WS/Wheeled_robot/build/dolly_follow' returned '0': CMAKE_PREFIX_PATH=/opt/ros/humble /usr/bin/cmake --install /home/levin/ROS2_WS/Wheeled_robot/build/dolly_follow
[23.708s] Level 1:colcon.colcon_core.environment:checking '/home/levin/ROS2_WS/Wheeled_robot/install/dolly_follow' for CMake module files
[23.709s] Level 1:colcon.colcon_core.environment:checking '/home/levin/ROS2_WS/Wheeled_robot/install/dolly_follow' for CMake config files
[23.709s] Level 1:colcon.colcon_core.shell:create_environment_hook('dolly_follow', 'cmake_prefix_path')
[23.711s] INFO:colcon.colcon_core.shell:Creating environment hook '/home/levin/ROS2_WS/Wheeled_robot/install/dolly_follow/share/dolly_follow/hook/cmake_prefix_path.ps1'
[23.713s] INFO:colcon.colcon_core.shell:Creating environment descriptor '/home/levin/ROS2_WS/Wheeled_robot/install/dolly_follow/share/dolly_follow/hook/cmake_prefix_path.dsv'
[23.732s] INFO:colcon.colcon_core.shell:Creating environment hook '/home/levin/ROS2_WS/Wheeled_robot/install/dolly_follow/share/dolly_follow/hook/cmake_prefix_path.sh'
[23.733s] Level 1:colcon.colcon_core.environment:checking '/home/levin/ROS2_WS/Wheeled_robot/install/dolly_follow/lib'
[23.734s] Level 1:colcon.colcon_core.environment:checking '/home/levin/ROS2_WS/Wheeled_robot/install/dolly_follow/bin'
[23.734s] Level 1:colcon.colcon_core.environment:checking '/home/levin/ROS2_WS/Wheeled_robot/install/dolly_follow/lib/pkgconfig/dolly_follow.pc'
[23.734s] Level 1:colcon.colcon_core.environment:checking '/home/levin/ROS2_WS/Wheeled_robot/install/dolly_follow/lib/python3.10/site-packages'
[23.735s] Level 1:colcon.colcon_core.environment:checking '/home/levin/ROS2_WS/Wheeled_robot/install/dolly_follow/bin'
[23.737s] INFO:colcon.colcon_core.shell:Creating package script '/home/levin/ROS2_WS/Wheeled_robot/install/dolly_follow/share/dolly_follow/package.ps1'
[23.742s] INFO:colcon.colcon_core.shell:Creating package descriptor '/home/levin/ROS2_WS/Wheeled_robot/install/dolly_follow/share/dolly_follow/package.dsv'
[23.755s] INFO:colcon.colcon_core.shell:Creating package script '/home/levin/ROS2_WS/Wheeled_robot/install/dolly_follow/share/dolly_follow/package.sh'
[23.780s] INFO:colcon.colcon_core.shell:Creating package script '/home/levin/ROS2_WS/Wheeled_robot/install/dolly_follow/share/dolly_follow/package.bash'
[23.792s] INFO:colcon.colcon_core.shell:Creating package script '/home/levin/ROS2_WS/Wheeled_robot/install/dolly_follow/share/dolly_follow/package.zsh'
[23.801s] Level 1:colcon.colcon_core.environment:create_file_with_runtime_dependencies(/home/levin/ROS2_WS/Wheeled_robot/install/dolly_follow/share/colcon-core/packages/dolly_follow)
[23.830s] Level 1:colcon.colcon_core.environment:create_environment_scripts_only(dolly_follow)
[23.832s] Level 1:colcon.colcon_core.environment:checking '/home/levin/ROS2_WS/Wheeled_robot/install/dolly_follow' for CMake module files
[23.833s] Level 1:colcon.colcon_core.environment:checking '/home/levin/ROS2_WS/Wheeled_robot/install/dolly_follow' for CMake config files
[23.833s] Level 1:colcon.colcon_core.shell:create_environment_hook('dolly_follow', 'cmake_prefix_path')
[23.834s] INFO:colcon.colcon_core.shell:Creating environment hook '/home/levin/ROS2_WS/Wheeled_robot/install/dolly_follow/share/dolly_follow/hook/cmake_prefix_path.ps1'
[23.835s] INFO:colcon.colcon_core.shell:Creating environment descriptor '/home/levin/ROS2_WS/Wheeled_robot/install/dolly_follow/share/dolly_follow/hook/cmake_prefix_path.dsv'
[23.835s] INFO:colcon.colcon_core.shell:Creating environment hook '/home/levin/ROS2_WS/Wheeled_robot/install/dolly_follow/share/dolly_follow/hook/cmake_prefix_path.sh'
[23.836s] Level 1:colcon.colcon_core.environment:checking '/home/levin/ROS2_WS/Wheeled_robot/install/dolly_follow/lib'
[23.836s] Level 1:colcon.colcon_core.environment:checking '/home/levin/ROS2_WS/Wheeled_robot/install/dolly_follow/bin'
[23.836s] Level 1:colcon.colcon_core.environment:checking '/home/levin/ROS2_WS/Wheeled_robot/install/dolly_follow/lib/pkgconfig/dolly_follow.pc'
[23.836s] Level 1:colcon.colcon_core.environment:checking '/home/levin/ROS2_WS/Wheeled_robot/install/dolly_follow/lib/python3.10/site-packages'
[23.836s] Level 1:colcon.colcon_core.environment:checking '/home/levin/ROS2_WS/Wheeled_robot/install/dolly_follow/bin'
[23.838s] INFO:colcon.colcon_core.shell:Creating package script '/home/levin/ROS2_WS/Wheeled_robot/install/dolly_follow/share/dolly_follow/package.ps1'
[23.838s] INFO:colcon.colcon_core.shell:Creating package descriptor '/home/levin/ROS2_WS/Wheeled_robot/install/dolly_follow/share/dolly_follow/package.dsv'
[23.839s] INFO:colcon.colcon_core.shell:Creating package script '/home/levin/ROS2_WS/Wheeled_robot/install/dolly_follow/share/dolly_follow/package.sh'
[23.839s] INFO:colcon.colcon_core.shell:Creating package script '/home/levin/ROS2_WS/Wheeled_robot/install/dolly_follow/share/dolly_follow/package.bash'
[23.840s] INFO:colcon.colcon_core.shell:Creating package script '/home/levin/ROS2_WS/Wheeled_robot/install/dolly_follow/share/dolly_follow/package.zsh'
[23.840s] Level 1:colcon.colcon_core.environment:create_file_with_runtime_dependencies(/home/levin/ROS2_WS/Wheeled_robot/install/dolly_follow/share/colcon-core/packages/dolly_follow)
[23.842s] INFO:colcon.colcon_ros.task.ament_cmake.build:Building ROS package in '/home/levin/ROS2_WS/Wheeled_robot/src/dolly/dolly_ignition' with build type 'ament_cmake'
[23.842s] INFO:colcon.colcon_cmake.task.cmake.build:Building CMake package in '/home/levin/ROS2_WS/Wheeled_robot/src/dolly/dolly_ignition'
[23.844s] INFO:colcon.colcon_core.shell:Skip shell extension 'powershell' for command environment: Not usable outside of PowerShell
[23.844s] DEBUG:colcon.colcon_core.shell:Skip shell extension 'dsv' for command environment
[23.878s] INFO:colcon.colcon_ros.task.ament_cmake.build:Building ROS package in '/home/levin/ROS2_WS/Wheeled_robot/src/dolly/dolly_gazebo' with build type 'ament_cmake'
[23.879s] INFO:colcon.colcon_cmake.task.cmake.build:Building CMake package in '/home/levin/ROS2_WS/Wheeled_robot/src/dolly/dolly_gazebo'
[23.880s] INFO:colcon.colcon_core.shell:Skip shell extension 'powershell' for command environment: Not usable outside of PowerShell
[23.880s] DEBUG:colcon.colcon_core.shell:Skip shell extension 'dsv' for command environment
[24.015s] DEBUG:colcon.colcon_core.event_handler.log_command:Invoking command in '/home/levin/ROS2_WS/Wheeled_robot/build/dolly_ignition': AMENT_PREFIX_PATH=/home/levin/ROS2_WS/Wheeled_robot/install/dolly_follow:${AMENT_PREFIX_PATH} CMAKE_PREFIX_PATH=/home/levin/ROS2_WS/Wheeled_robot/install/dolly_follow:/opt/ros/humble /usr/bin/cmake /home/levin/ROS2_WS/Wheeled_robot/src/dolly/dolly_ignition -DAMENT_CMAKE_SYMLINK_INSTALL=1 -DCMAKE_INSTALL_PREFIX=/home/levin/ROS2_WS/Wheeled_robot/install/dolly_ignition
[24.019s] DEBUG:colcon.colcon_core.event_handler.log_command:Invoking command in '/home/levin/ROS2_WS/Wheeled_robot/build/dolly_gazebo': AMENT_PREFIX_PATH=/home/levin/ROS2_WS/Wheeled_robot/install/dolly_follow:${AMENT_PREFIX_PATH} CMAKE_PREFIX_PATH=/home/levin/ROS2_WS/Wheeled_robot/install/dolly_follow:/opt/ros/humble /usr/bin/cmake /home/levin/ROS2_WS/Wheeled_robot/src/dolly/dolly_gazebo -DAMENT_CMAKE_SYMLINK_INSTALL=1 -DCMAKE_INSTALL_PREFIX=/home/levin/ROS2_WS/Wheeled_robot/install/dolly_gazebo
[25.697s] DEBUG:colcon.colcon_core.event_handler.log_command:Invoked command in '/home/levin/ROS2_WS/Wheeled_robot/build/dolly_ignition' returned '0': AMENT_PREFIX_PATH=/home/levin/ROS2_WS/Wheeled_robot/install/dolly_follow:${AMENT_PREFIX_PATH} CMAKE_PREFIX_PATH=/home/levin/ROS2_WS/Wheeled_robot/install/dolly_follow:/opt/ros/humble /usr/bin/cmake /home/levin/ROS2_WS/Wheeled_robot/src/dolly/dolly_ignition -DAMENT_CMAKE_SYMLINK_INSTALL=1 -DCMAKE_INSTALL_PREFIX=/home/levin/ROS2_WS/Wheeled_robot/install/dolly_ignition
[25.697s] DEBUG:colcon.colcon_core.event_handler.log_command:Invoking command in '/home/levin/ROS2_WS/Wheeled_robot/build/dolly_ignition': AMENT_PREFIX_PATH=/home/levin/ROS2_WS/Wheeled_robot/install/dolly_follow:${AMENT_PREFIX_PATH} CMAKE_PREFIX_PATH=/home/levin/ROS2_WS/Wheeled_robot/install/dolly_follow:/opt/ros/humble /usr/bin/cmake --build /home/levin/ROS2_WS/Wheeled_robot/build/dolly_ignition -- -j2 -l2
[25.773s] DEBUG:colcon.colcon_core.event_handler.log_command:Invoked command in '/home/levin/ROS2_WS/Wheeled_robot/build/dolly_ignition' returned '0': AMENT_PREFIX_PATH=/home/levin/ROS2_WS/Wheeled_robot/install/dolly_follow:${AMENT_PREFIX_PATH} CMAKE_PREFIX_PATH=/home/levin/ROS2_WS/Wheeled_robot/install/dolly_follow:/opt/ros/humble /usr/bin/cmake --build /home/levin/ROS2_WS/Wheeled_robot/build/dolly_ignition -- -j2 -l2
[25.820s] WARNING:colcon.colcon_cmake.task.cmake.build:Could not run installation step for package 'dolly_ignition' because it has no 'install' target
[25.821s] Level 1:colcon.colcon_core.environment:create_environment_scripts_only(dolly_ignition)
[25.823s] Level 1:colcon.colcon_core.environment:checking '/home/levin/ROS2_WS/Wheeled_robot/install/dolly_ignition' for CMake module files
[25.824s] Level 1:colcon.colcon_core.environment:checking '/home/levin/ROS2_WS/Wheeled_robot/install/dolly_ignition' for CMake config files
[25.825s] Level 1:colcon.colcon_core.environment:checking '/home/levin/ROS2_WS/Wheeled_robot/install/dolly_ignition/bin'
[25.825s] Level 1:colcon.colcon_core.environment:checking '/home/levin/ROS2_WS/Wheeled_robot/install/dolly_ignition/lib/pkgconfig/dolly_ignition.pc'
[25.825s] Level 1:colcon.colcon_core.environment:checking '/home/levin/ROS2_WS/Wheeled_robot/install/dolly_ignition/lib/python3.10/site-packages'
[25.826s] Level 1:colcon.colcon_core.environment:checking '/home/levin/ROS2_WS/Wheeled_robot/install/dolly_ignition/bin'
[25.827s] INFO:colcon.colcon_core.shell:Creating package script '/home/levin/ROS2_WS/Wheeled_robot/install/dolly_ignition/share/dolly_ignition/package.ps1'
[25.828s] INFO:colcon.colcon_core.shell:Creating package descriptor '/home/levin/ROS2_WS/Wheeled_robot/install/dolly_ignition/share/dolly_ignition/package.dsv'
[25.828s] INFO:colcon.colcon_core.shell:Creating package script '/home/levin/ROS2_WS/Wheeled_robot/install/dolly_ignition/share/dolly_ignition/package.sh'
[25.828s] INFO:colcon.colcon_core.shell:Creating package script '/home/levin/ROS2_WS/Wheeled_robot/install/dolly_ignition/share/dolly_ignition/package.bash'
[25.829s] INFO:colcon.colcon_core.shell:Creating package script '/home/levin/ROS2_WS/Wheeled_robot/install/dolly_ignition/share/dolly_ignition/package.zsh'
[25.835s] Level 1:colcon.colcon_core.environment:create_file_with_runtime_dependencies(/home/levin/ROS2_WS/Wheeled_robot/install/dolly_ignition/share/colcon-core/packages/dolly_ignition)
[25.852s] Level 1:colcon.colcon_core.environment:create_environment_scripts_only(dolly_ignition)
[25.854s] Level 1:colcon.colcon_core.environment:checking '/home/levin/ROS2_WS/Wheeled_robot/install/dolly_ignition' for CMake module files
[25.854s] Level 1:colcon.colcon_core.environment:checking '/home/levin/ROS2_WS/Wheeled_robot/install/dolly_ignition' for CMake config files
[25.855s] Level 1:colcon.colcon_core.environment:checking '/home/levin/ROS2_WS/Wheeled_robot/install/dolly_ignition/bin'
[25.855s] Level 1:colcon.colcon_core.environment:checking '/home/levin/ROS2_WS/Wheeled_robot/install/dolly_ignition/lib/pkgconfig/dolly_ignition.pc'
[25.855s] Level 1:colcon.colcon_core.environment:checking '/home/levin/ROS2_WS/Wheeled_robot/install/dolly_ignition/lib/python3.10/site-packages'
[25.855s] Level 1:colcon.colcon_core.environment:checking '/home/levin/ROS2_WS/Wheeled_robot/install/dolly_ignition/bin'
[25.857s] INFO:colcon.colcon_core.shell:Creating package script '/home/levin/ROS2_WS/Wheeled_robot/install/dolly_ignition/share/dolly_ignition/package.ps1'
[25.857s] INFO:colcon.colcon_core.shell:Creating package descriptor '/home/levin/ROS2_WS/Wheeled_robot/install/dolly_ignition/share/dolly_ignition/package.dsv'
[25.858s] INFO:colcon.colcon_core.shell:Creating package script '/home/levin/ROS2_WS/Wheeled_robot/install/dolly_ignition/share/dolly_ignition/package.sh'
[25.858s] INFO:colcon.colcon_core.shell:Creating package script '/home/levin/ROS2_WS/Wheeled_robot/install/dolly_ignition/share/dolly_ignition/package.bash'
[25.858s] INFO:colcon.colcon_core.shell:Creating package script '/home/levin/ROS2_WS/Wheeled_robot/install/dolly_ignition/share/dolly_ignition/package.zsh'
[25.859s] Level 1:colcon.colcon_core.environment:create_file_with_runtime_dependencies(/home/levin/ROS2_WS/Wheeled_robot/install/dolly_ignition/share/colcon-core/packages/dolly_ignition)
[25.860s] INFO:colcon.colcon_ros.task.ament_cmake.build:Building ROS package in '/home/levin/ROS2_WS/Wheeled_robot/src/dolly/dolly_tests' with build type 'ament_cmake'
[25.860s] INFO:colcon.colcon_cmake.task.cmake.build:Building CMake package in '/home/levin/ROS2_WS/Wheeled_robot/src/dolly/dolly_tests'
[25.862s] INFO:colcon.colcon_core.shell:Skip shell extension 'powershell' for command environment: Not usable outside of PowerShell
[25.863s] DEBUG:colcon.colcon_core.shell:Skip shell extension 'dsv' for command environment
[25.874s] DEBUG:colcon.colcon_core.event_handler.log_command:Invoking command in '/home/levin/ROS2_WS/Wheeled_robot/build/dolly_tests': AMENT_PREFIX_PATH=/home/levin/ROS2_WS/Wheeled_robot/install/dolly_follow:${AMENT_PREFIX_PATH} CMAKE_PREFIX_PATH=/home/levin/ROS2_WS/Wheeled_robot/install/dolly_follow:/opt/ros/humble /usr/bin/cmake /home/levin/ROS2_WS/Wheeled_robot/src/dolly/dolly_tests -DAMENT_CMAKE_SYMLINK_INSTALL=1 -DCMAKE_INSTALL_PREFIX=/home/levin/ROS2_WS/Wheeled_robot/install/dolly_tests
[26.270s] DEBUG:colcon.colcon_core.event_handler.log_command:Invoked command in '/home/levin/ROS2_WS/Wheeled_robot/build/dolly_tests' returned '0': AMENT_PREFIX_PATH=/home/levin/ROS2_WS/Wheeled_robot/install/dolly_follow:${AMENT_PREFIX_PATH} CMAKE_PREFIX_PATH=/home/levin/ROS2_WS/Wheeled_robot/install/dolly_follow:/opt/ros/humble /usr/bin/cmake /home/levin/ROS2_WS/Wheeled_robot/src/dolly/dolly_tests -DAMENT_CMAKE_SYMLINK_INSTALL=1 -DCMAKE_INSTALL_PREFIX=/home/levin/ROS2_WS/Wheeled_robot/install/dolly_tests
[26.270s] DEBUG:colcon.colcon_core.event_handler.log_command:Invoking command in '/home/levin/ROS2_WS/Wheeled_robot/build/dolly_tests': AMENT_PREFIX_PATH=/home/levin/ROS2_WS/Wheeled_robot/install/dolly_follow:${AMENT_PREFIX_PATH} CMAKE_PREFIX_PATH=/home/levin/ROS2_WS/Wheeled_robot/install/dolly_follow:/opt/ros/humble /usr/bin/cmake --build /home/levin/ROS2_WS/Wheeled_robot/build/dolly_tests -- -j2 -l2
[26.311s] DEBUG:colcon.colcon_core.event_handler.log_command:Invoked command in '/home/levin/ROS2_WS/Wheeled_robot/build/dolly_tests' returned '0': AMENT_PREFIX_PATH=/home/levin/ROS2_WS/Wheeled_robot/install/dolly_follow:${AMENT_PREFIX_PATH} CMAKE_PREFIX_PATH=/home/levin/ROS2_WS/Wheeled_robot/install/dolly_follow:/opt/ros/humble /usr/bin/cmake --build /home/levin/ROS2_WS/Wheeled_robot/build/dolly_tests -- -j2 -l2
[26.329s] WARNING:colcon.colcon_cmake.task.cmake.build:Could not run installation step for package 'dolly_tests' because it has no 'install' target
[26.329s] Level 1:colcon.colcon_core.environment:create_environment_scripts_only(dolly_tests)
[26.335s] Level 1:colcon.colcon_core.environment:checking '/home/levin/ROS2_WS/Wheeled_robot/install/dolly_tests' for CMake module files
[26.335s] Level 1:colcon.colcon_core.environment:checking '/home/levin/ROS2_WS/Wheeled_robot/install/dolly_tests' for CMake config files
[26.335s] Level 1:colcon.colcon_core.environment:checking '/home/levin/ROS2_WS/Wheeled_robot/install/dolly_tests/bin'
[26.336s] Level 1:colcon.colcon_core.environment:checking '/home/levin/ROS2_WS/Wheeled_robot/install/dolly_tests/lib/pkgconfig/dolly_tests.pc'
[26.336s] Level 1:colcon.colcon_core.environment:checking '/home/levin/ROS2_WS/Wheeled_robot/install/dolly_tests/lib/python3.10/site-packages'
[26.336s] Level 1:colcon.colcon_core.environment:checking '/home/levin/ROS2_WS/Wheeled_robot/install/dolly_tests/bin'
[26.338s] INFO:colcon.colcon_core.shell:Creating package script '/home/levin/ROS2_WS/Wheeled_robot/install/dolly_tests/share/dolly_tests/package.ps1'
[26.340s] INFO:colcon.colcon_core.shell:Creating package descriptor '/home/levin/ROS2_WS/Wheeled_robot/install/dolly_tests/share/dolly_tests/package.dsv'
[26.340s] INFO:colcon.colcon_core.shell:Creating package script '/home/levin/ROS2_WS/Wheeled_robot/install/dolly_tests/share/dolly_tests/package.sh'
[26.341s] INFO:colcon.colcon_core.shell:Creating package script '/home/levin/ROS2_WS/Wheeled_robot/install/dolly_tests/share/dolly_tests/package.bash'
[26.342s] INFO:colcon.colcon_core.shell:Creating package script '/home/levin/ROS2_WS/Wheeled_robot/install/dolly_tests/share/dolly_tests/package.zsh'
[26.343s] Level 1:colcon.colcon_core.environment:create_file_with_runtime_dependencies(/home/levin/ROS2_WS/Wheeled_robot/install/dolly_tests/share/colcon-core/packages/dolly_tests)
[26.360s] Level 1:colcon.colcon_core.environment:create_environment_scripts_only(dolly_tests)
[26.363s] Level 1:colcon.colcon_core.environment:checking '/home/levin/ROS2_WS/Wheeled_robot/install/dolly_tests' for CMake module files
[26.363s] Level 1:colcon.colcon_core.environment:checking '/home/levin/ROS2_WS/Wheeled_robot/install/dolly_tests' for CMake config files
[26.364s] Level 1:colcon.colcon_core.environment:checking '/home/levin/ROS2_WS/Wheeled_robot/install/dolly_tests/bin'
[26.364s] Level 1:colcon.colcon_core.environment:checking '/home/levin/ROS2_WS/Wheeled_robot/install/dolly_tests/lib/pkgconfig/dolly_tests.pc'
[26.364s] Level 1:colcon.colcon_core.environment:checking '/home/levin/ROS2_WS/Wheeled_robot/install/dolly_tests/lib/python3.10/site-packages'
[26.364s] Level 1:colcon.colcon_core.environment:checking '/home/levin/ROS2_WS/Wheeled_robot/install/dolly_tests/bin'
[26.366s] INFO:colcon.colcon_core.shell:Creating package script '/home/levin/ROS2_WS/Wheeled_robot/install/dolly_tests/share/dolly_tests/package.ps1'
[26.366s] INFO:colcon.colcon_core.shell:Creating package descriptor '/home/levin/ROS2_WS/Wheeled_robot/install/dolly_tests/share/dolly_tests/package.dsv'
[26.367s] INFO:colcon.colcon_core.shell:Creating package script '/home/levin/ROS2_WS/Wheeled_robot/install/dolly_tests/share/dolly_tests/package.sh'
[26.367s] INFO:colcon.colcon_core.shell:Creating package script '/home/levin/ROS2_WS/Wheeled_robot/install/dolly_tests/share/dolly_tests/package.bash'
[26.367s] INFO:colcon.colcon_core.shell:Creating package script '/home/levin/ROS2_WS/Wheeled_robot/install/dolly_tests/share/dolly_tests/package.zsh'
[26.368s] Level 1:colcon.colcon_core.environment:create_file_with_runtime_dependencies(/home/levin/ROS2_WS/Wheeled_robot/install/dolly_tests/share/colcon-core/packages/dolly_tests)
[30.188s] DEBUG:colcon.colcon_core.event_handler.log_command:Invoked command in '/home/levin/ROS2_WS/Wheeled_robot/build/dolly_gazebo' returned '0': AMENT_PREFIX_PATH=/home/levin/ROS2_WS/Wheeled_robot/install/dolly_follow:${AMENT_PREFIX_PATH} CMAKE_PREFIX_PATH=/home/levin/ROS2_WS/Wheeled_robot/install/dolly_follow:/opt/ros/humble /usr/bin/cmake /home/levin/ROS2_WS/Wheeled_robot/src/dolly/dolly_gazebo -DAMENT_CMAKE_SYMLINK_INSTALL=1 -DCMAKE_INSTALL_PREFIX=/home/levin/ROS2_WS/Wheeled_robot/install/dolly_gazebo
[30.190s] DEBUG:colcon.colcon_core.event_handler.log_command:Invoking command in '/home/levin/ROS2_WS/Wheeled_robot/build/dolly_gazebo': AMENT_PREFIX_PATH=/home/levin/ROS2_WS/Wheeled_robot/install/dolly_follow:${AMENT_PREFIX_PATH} CMAKE_PREFIX_PATH=/home/levin/ROS2_WS/Wheeled_robot/install/dolly_follow:/opt/ros/humble /usr/bin/cmake --build /home/levin/ROS2_WS/Wheeled_robot/build/dolly_gazebo -- -j2 -l2
[30.230s] DEBUG:colcon.colcon_core.event_handler.log_command:Invoked command in '/home/levin/ROS2_WS/Wheeled_robot/build/dolly_gazebo' returned '0': AMENT_PREFIX_PATH=/home/levin/ROS2_WS/Wheeled_robot/install/dolly_follow:${AMENT_PREFIX_PATH} CMAKE_PREFIX_PATH=/home/levin/ROS2_WS/Wheeled_robot/install/dolly_follow:/opt/ros/humble /usr/bin/cmake --build /home/levin/ROS2_WS/Wheeled_robot/build/dolly_gazebo -- -j2 -l2
[30.255s] DEBUG:colcon.colcon_core.event_handler.log_command:Invoking command in '/home/levin/ROS2_WS/Wheeled_robot/build/dolly_gazebo': AMENT_PREFIX_PATH=/home/levin/ROS2_WS/Wheeled_robot/install/dolly_follow:${AMENT_PREFIX_PATH} CMAKE_PREFIX_PATH=/home/levin/ROS2_WS/Wheeled_robot/install/dolly_follow:/opt/ros/humble /usr/bin/cmake --install /home/levin/ROS2_WS/Wheeled_robot/build/dolly_gazebo
[30.901s] Level 1:colcon.colcon_core.environment:create_environment_scripts_only(dolly_gazebo)
[30.902s] DEBUG:colcon.colcon_core.event_handler.log_command:Invoked command in '/home/levin/ROS2_WS/Wheeled_robot/build/dolly_gazebo' returned '0': AMENT_PREFIX_PATH=/home/levin/ROS2_WS/Wheeled_robot/install/dolly_follow:${AMENT_PREFIX_PATH} CMAKE_PREFIX_PATH=/home/levin/ROS2_WS/Wheeled_robot/install/dolly_follow:/opt/ros/humble /usr/bin/cmake --install /home/levin/ROS2_WS/Wheeled_robot/build/dolly_gazebo
[30.904s] Level 1:colcon.colcon_core.environment:checking '/home/levin/ROS2_WS/Wheeled_robot/install/dolly_gazebo' for CMake module files
[30.904s] Level 1:colcon.colcon_core.environment:checking '/home/levin/ROS2_WS/Wheeled_robot/install/dolly_gazebo' for CMake config files
[30.905s] Level 1:colcon.colcon_core.shell:create_environment_hook('dolly_gazebo', 'cmake_prefix_path')
[30.906s] INFO:colcon.colcon_core.shell:Creating environment hook '/home/levin/ROS2_WS/Wheeled_robot/install/dolly_gazebo/share/dolly_gazebo/hook/cmake_prefix_path.ps1'
[30.907s] INFO:colcon.colcon_core.shell:Creating environment descriptor '/home/levin/ROS2_WS/Wheeled_robot/install/dolly_gazebo/share/dolly_gazebo/hook/cmake_prefix_path.dsv'
[30.907s] INFO:colcon.colcon_core.shell:Creating environment hook '/home/levin/ROS2_WS/Wheeled_robot/install/dolly_gazebo/share/dolly_gazebo/hook/cmake_prefix_path.sh'
[30.908s] Level 1:colcon.colcon_core.environment:checking '/home/levin/ROS2_WS/Wheeled_robot/install/dolly_gazebo/bin'
[30.908s] Level 1:colcon.colcon_core.environment:checking '/home/levin/ROS2_WS/Wheeled_robot/install/dolly_gazebo/lib/pkgconfig/dolly_gazebo.pc'
[30.908s] Level 1:colcon.colcon_core.environment:checking '/home/levin/ROS2_WS/Wheeled_robot/install/dolly_gazebo/lib/python3.10/site-packages'
[30.908s] Level 1:colcon.colcon_core.environment:checking '/home/levin/ROS2_WS/Wheeled_robot/install/dolly_gazebo/bin'
[30.910s] INFO:colcon.colcon_core.shell:Creating package script '/home/levin/ROS2_WS/Wheeled_robot/install/dolly_gazebo/share/dolly_gazebo/package.ps1'
[30.910s] INFO:colcon.colcon_core.shell:Creating package descriptor '/home/levin/ROS2_WS/Wheeled_robot/install/dolly_gazebo/share/dolly_gazebo/package.dsv'
[30.911s] INFO:colcon.colcon_core.shell:Creating package script '/home/levin/ROS2_WS/Wheeled_robot/install/dolly_gazebo/share/dolly_gazebo/package.sh'
[30.911s] INFO:colcon.colcon_core.shell:Creating package script '/home/levin/ROS2_WS/Wheeled_robot/install/dolly_gazebo/share/dolly_gazebo/package.bash'
[30.911s] INFO:colcon.colcon_core.shell:Creating package script '/home/levin/ROS2_WS/Wheeled_robot/install/dolly_gazebo/share/dolly_gazebo/package.zsh'
[30.912s] Level 1:colcon.colcon_core.environment:create_file_with_runtime_dependencies(/home/levin/ROS2_WS/Wheeled_robot/install/dolly_gazebo/share/colcon-core/packages/dolly_gazebo)
[30.937s] Level 1:colcon.colcon_core.environment:create_environment_scripts_only(dolly_gazebo)
[30.939s] Level 1:colcon.colcon_core.environment:checking '/home/levin/ROS2_WS/Wheeled_robot/install/dolly_gazebo' for CMake module files
[30.940s] Level 1:colcon.colcon_core.environment:checking '/home/levin/ROS2_WS/Wheeled_robot/install/dolly_gazebo' for CMake config files
[30.940s] Level 1:colcon.colcon_core.shell:create_environment_hook('dolly_gazebo', 'cmake_prefix_path')
[30.942s] INFO:colcon.colcon_core.shell:Creating environment hook '/home/levin/ROS2_WS/Wheeled_robot/install/dolly_gazebo/share/dolly_gazebo/hook/cmake_prefix_path.ps1'
[30.942s] INFO:colcon.colcon_core.shell:Creating environment descriptor '/home/levin/ROS2_WS/Wheeled_robot/install/dolly_gazebo/share/dolly_gazebo/hook/cmake_prefix_path.dsv'
[30.943s] INFO:colcon.colcon_core.shell:Creating environment hook '/home/levin/ROS2_WS/Wheeled_robot/install/dolly_gazebo/share/dolly_gazebo/hook/cmake_prefix_path.sh'
[30.943s] Level 1:colcon.colcon_core.environment:checking '/home/levin/ROS2_WS/Wheeled_robot/install/dolly_gazebo/bin'
[30.945s] Level 1:colcon.colcon_core.environment:checking '/home/levin/ROS2_WS/Wheeled_robot/install/dolly_gazebo/lib/pkgconfig/dolly_gazebo.pc'
[30.946s] Level 1:colcon.colcon_core.environment:checking '/home/levin/ROS2_WS/Wheeled_robot/install/dolly_gazebo/lib/python3.10/site-packages'
[30.947s] Level 1:colcon.colcon_core.environment:checking '/home/levin/ROS2_WS/Wheeled_robot/install/dolly_gazebo/bin'
[30.948s] INFO:colcon.colcon_core.shell:Creating package script '/home/levin/ROS2_WS/Wheeled_robot/install/dolly_gazebo/share/dolly_gazebo/package.ps1'
[30.949s] INFO:colcon.colcon_core.shell:Creating package descriptor '/home/levin/ROS2_WS/Wheeled_robot/install/dolly_gazebo/share/dolly_gazebo/package.dsv'
[30.950s] INFO:colcon.colcon_core.shell:Creating package script '/home/levin/ROS2_WS/Wheeled_robot/install/dolly_gazebo/share/dolly_gazebo/package.sh'
[30.950s] INFO:colcon.colcon_core.shell:Creating package script '/home/levin/ROS2_WS/Wheeled_robot/install/dolly_gazebo/share/dolly_gazebo/package.bash'
[30.951s] INFO:colcon.colcon_core.shell:Creating package script '/home/levin/ROS2_WS/Wheeled_robot/install/dolly_gazebo/share/dolly_gazebo/package.zsh'
[30.951s] Level 1:colcon.colcon_core.environment:create_file_with_runtime_dependencies(/home/levin/ROS2_WS/Wheeled_robot/install/dolly_gazebo/share/colcon-core/packages/dolly_gazebo)
[30.952s] INFO:colcon.colcon_ros.task.ament_cmake.build:Building ROS package in '/home/levin/ROS2_WS/Wheeled_robot/src/dolly/dolly' with build type 'ament_cmake'
[30.953s] INFO:colcon.colcon_cmake.task.cmake.build:Building CMake package in '/home/levin/ROS2_WS/Wheeled_robot/src/dolly/dolly'
[30.954s] INFO:colcon.colcon_core.shell:Skip shell extension 'powershell' for command environment: Not usable outside of PowerShell
[30.954s] DEBUG:colcon.colcon_core.shell:Skip shell extension 'dsv' for command environment
[30.965s] DEBUG:colcon.colcon_core.event_handler.log_command:Invoking command in '/home/levin/ROS2_WS/Wheeled_robot/build/dolly': AMENT_PREFIX_PATH=/home/levin/ROS2_WS/Wheeled_robot/install/dolly_gazebo:/home/levin/ROS2_WS/Wheeled_robot/install/dolly_follow:${AMENT_PREFIX_PATH} CMAKE_PREFIX_PATH=/home/levin/ROS2_WS/Wheeled_robot/install/dolly_gazebo:/home/levin/ROS2_WS/Wheeled_robot/install/dolly_follow:/opt/ros/humble GAZEBO_MODEL_PATH=/home/levin/ROS2_WS/Wheeled_robot/install/dolly_gazebo/share/dolly_gazebo/models GAZEBO_RESOURCE_PATH=/home/levin/ROS2_WS/Wheeled_robot/install/dolly_gazebo/share/dolly_gazebo/worlds /usr/bin/cmake /home/levin/ROS2_WS/Wheeled_robot/src/dolly/dolly -DAMENT_CMAKE_SYMLINK_INSTALL=1 -DCMAKE_INSTALL_PREFIX=/home/levin/ROS2_WS/Wheeled_robot/install/dolly
[31.834s] DEBUG:colcon.colcon_core.event_handler.log_command:Invoked command in '/home/levin/ROS2_WS/Wheeled_robot/build/dolly' returned '0': AMENT_PREFIX_PATH=/home/levin/ROS2_WS/Wheeled_robot/install/dolly_gazebo:/home/levin/ROS2_WS/Wheeled_robot/install/dolly_follow:${AMENT_PREFIX_PATH} CMAKE_PREFIX_PATH=/home/levin/ROS2_WS/Wheeled_robot/install/dolly_gazebo:/home/levin/ROS2_WS/Wheeled_robot/install/dolly_follow:/opt/ros/humble GAZEBO_MODEL_PATH=/home/levin/ROS2_WS/Wheeled_robot/install/dolly_gazebo/share/dolly_gazebo/models GAZEBO_RESOURCE_PATH=/home/levin/ROS2_WS/Wheeled_robot/install/dolly_gazebo/share/dolly_gazebo/worlds /usr/bin/cmake /home/levin/ROS2_WS/Wheeled_robot/src/dolly/dolly -DAMENT_CMAKE_SYMLINK_INSTALL=1 -DCMAKE_INSTALL_PREFIX=/home/levin/ROS2_WS/Wheeled_robot/install/dolly
[31.834s] DEBUG:colcon.colcon_core.event_handler.log_command:Invoking command in '/home/levin/ROS2_WS/Wheeled_robot/build/dolly': AMENT_PREFIX_PATH=/home/levin/ROS2_WS/Wheeled_robot/install/dolly_gazebo:/home/levin/ROS2_WS/Wheeled_robot/install/dolly_follow:${AMENT_PREFIX_PATH} CMAKE_PREFIX_PATH=/home/levin/ROS2_WS/Wheeled_robot/install/dolly_gazebo:/home/levin/ROS2_WS/Wheeled_robot/install/dolly_follow:/opt/ros/humble GAZEBO_MODEL_PATH=/home/levin/ROS2_WS/Wheeled_robot/install/dolly_gazebo/share/dolly_gazebo/models GAZEBO_RESOURCE_PATH=/home/levin/ROS2_WS/Wheeled_robot/install/dolly_gazebo/share/dolly_gazebo/worlds /usr/bin/cmake --build /home/levin/ROS2_WS/Wheeled_robot/build/dolly -- -j2 -l2
[31.886s] DEBUG:colcon.colcon_core.event_handler.log_command:Invoked command in '/home/levin/ROS2_WS/Wheeled_robot/build/dolly' returned '0': AMENT_PREFIX_PATH=/home/levin/ROS2_WS/Wheeled_robot/install/dolly_gazebo:/home/levin/ROS2_WS/Wheeled_robot/install/dolly_follow:${AMENT_PREFIX_PATH} CMAKE_PREFIX_PATH=/home/levin/ROS2_WS/Wheeled_robot/install/dolly_gazebo:/home/levin/ROS2_WS/Wheeled_robot/install/dolly_follow:/opt/ros/humble GAZEBO_MODEL_PATH=/home/levin/ROS2_WS/Wheeled_robot/install/dolly_gazebo/share/dolly_gazebo/models GAZEBO_RESOURCE_PATH=/home/levin/ROS2_WS/Wheeled_robot/install/dolly_gazebo/share/dolly_gazebo/worlds /usr/bin/cmake --build /home/levin/ROS2_WS/Wheeled_robot/build/dolly -- -j2 -l2
[31.912s] DEBUG:colcon.colcon_core.event_handler.log_command:Invoking command in '/home/levin/ROS2_WS/Wheeled_robot/build/dolly': AMENT_PREFIX_PATH=/home/levin/ROS2_WS/Wheeled_robot/install/dolly_gazebo:/home/levin/ROS2_WS/Wheeled_robot/install/dolly_follow:${AMENT_PREFIX_PATH} CMAKE_PREFIX_PATH=/home/levin/ROS2_WS/Wheeled_robot/install/dolly_gazebo:/home/levin/ROS2_WS/Wheeled_robot/install/dolly_follow:/opt/ros/humble GAZEBO_MODEL_PATH=/home/levin/ROS2_WS/Wheeled_robot/install/dolly_gazebo/share/dolly_gazebo/models GAZEBO_RESOURCE_PATH=/home/levin/ROS2_WS/Wheeled_robot/install/dolly_gazebo/share/dolly_gazebo/worlds /usr/bin/cmake --install /home/levin/ROS2_WS/Wheeled_robot/build/dolly
[32.091s] Level 1:colcon.colcon_core.environment:create_environment_scripts_only(dolly)
[32.093s] Level 1:colcon.colcon_core.environment:checking '/home/levin/ROS2_WS/Wheeled_robot/install/dolly' for CMake module files
[32.093s] DEBUG:colcon.colcon_core.event_handler.log_command:Invoked command in '/home/levin/ROS2_WS/Wheeled_robot/build/dolly' returned '0': AMENT_PREFIX_PATH=/home/levin/ROS2_WS/Wheeled_robot/install/dolly_gazebo:/home/levin/ROS2_WS/Wheeled_robot/install/dolly_follow:${AMENT_PREFIX_PATH} CMAKE_PREFIX_PATH=/home/levin/ROS2_WS/Wheeled_robot/install/dolly_gazebo:/home/levin/ROS2_WS/Wheeled_robot/install/dolly_follow:/opt/ros/humble GAZEBO_MODEL_PATH=/home/levin/ROS2_WS/Wheeled_robot/install/dolly_gazebo/share/dolly_gazebo/models GAZEBO_RESOURCE_PATH=/home/levin/ROS2_WS/Wheeled_robot/install/dolly_gazebo/share/dolly_gazebo/worlds /usr/bin/cmake --install /home/levin/ROS2_WS/Wheeled_robot/build/dolly
[32.094s] Level 1:colcon.colcon_core.environment:checking '/home/levin/ROS2_WS/Wheeled_robot/install/dolly' for CMake config files
[32.094s] Level 1:colcon.colcon_core.shell:create_environment_hook('dolly', 'cmake_prefix_path')
[32.096s] INFO:colcon.colcon_core.shell:Creating environment hook '/home/levin/ROS2_WS/Wheeled_robot/install/dolly/share/dolly/hook/cmake_prefix_path.ps1'
[32.096s] INFO:colcon.colcon_core.shell:Creating environment descriptor '/home/levin/ROS2_WS/Wheeled_robot/install/dolly/share/dolly/hook/cmake_prefix_path.dsv'
[32.096s] INFO:colcon.colcon_core.shell:Creating environment hook '/home/levin/ROS2_WS/Wheeled_robot/install/dolly/share/dolly/hook/cmake_prefix_path.sh'
[32.100s] Level 1:colcon.colcon_core.environment:checking '/home/levin/ROS2_WS/Wheeled_robot/install/dolly/bin'
[32.100s] Level 1:colcon.colcon_core.environment:checking '/home/levin/ROS2_WS/Wheeled_robot/install/dolly/lib/pkgconfig/dolly.pc'
[32.100s] Level 1:colcon.colcon_core.environment:checking '/home/levin/ROS2_WS/Wheeled_robot/install/dolly/lib/python3.10/site-packages'
[32.101s] Level 1:colcon.colcon_core.environment:checking '/home/levin/ROS2_WS/Wheeled_robot/install/dolly/bin'
[32.103s] INFO:colcon.colcon_core.shell:Creating package script '/home/levin/ROS2_WS/Wheeled_robot/install/dolly/share/dolly/package.ps1'
[32.103s] INFO:colcon.colcon_core.shell:Creating package descriptor '/home/levin/ROS2_WS/Wheeled_robot/install/dolly/share/dolly/package.dsv'
[32.104s] INFO:colcon.colcon_core.shell:Creating package script '/home/levin/ROS2_WS/Wheeled_robot/install/dolly/share/dolly/package.sh'
[32.104s] INFO:colcon.colcon_core.shell:Creating package script '/home/levin/ROS2_WS/Wheeled_robot/install/dolly/share/dolly/package.bash'
[32.104s] INFO:colcon.colcon_core.shell:Creating package script '/home/levin/ROS2_WS/Wheeled_robot/install/dolly/share/dolly/package.zsh'
[32.105s] Level 1:colcon.colcon_core.environment:create_file_with_runtime_dependencies(/home/levin/ROS2_WS/Wheeled_robot/install/dolly/share/colcon-core/packages/dolly)
[32.130s] Level 1:colcon.colcon_core.environment:create_environment_scripts_only(dolly)
[32.132s] Level 1:colcon.colcon_core.environment:checking '/home/levin/ROS2_WS/Wheeled_robot/install/dolly' for CMake module files
[32.133s] Level 1:colcon.colcon_core.environment:checking '/home/levin/ROS2_WS/Wheeled_robot/install/dolly' for CMake config files
[32.133s] Level 1:colcon.colcon_core.shell:create_environment_hook('dolly', 'cmake_prefix_path')
[32.134s] INFO:colcon.colcon_core.shell:Creating environment hook '/home/levin/ROS2_WS/Wheeled_robot/install/dolly/share/dolly/hook/cmake_prefix_path.ps1'
[32.135s] INFO:colcon.colcon_core.shell:Creating environment descriptor '/home/levin/ROS2_WS/Wheeled_robot/install/dolly/share/dolly/hook/cmake_prefix_path.dsv'
[32.135s] INFO:colcon.colcon_core.shell:Creating environment hook '/home/levin/ROS2_WS/Wheeled_robot/install/dolly/share/dolly/hook/cmake_prefix_path.sh'
[32.136s] Level 1:colcon.colcon_core.environment:checking '/home/levin/ROS2_WS/Wheeled_robot/install/dolly/bin'
[32.136s] Level 1:colcon.colcon_core.environment:checking '/home/levin/ROS2_WS/Wheeled_robot/install/dolly/lib/pkgconfig/dolly.pc'
[32.136s] Level 1:colcon.colcon_core.environment:checking '/home/levin/ROS2_WS/Wheeled_robot/install/dolly/lib/python3.10/site-packages'
[32.137s] Level 1:colcon.colcon_core.environment:checking '/home/levin/ROS2_WS/Wheeled_robot/install/dolly/bin'
[32.138s] INFO:colcon.colcon_core.shell:Creating package script '/home/levin/ROS2_WS/Wheeled_robot/install/dolly/share/dolly/package.ps1'
[32.139s] INFO:colcon.colcon_core.shell:Creating package descriptor '/home/levin/ROS2_WS/Wheeled_robot/install/dolly/share/dolly/package.dsv'
[32.139s] INFO:colcon.colcon_core.shell:Creating package script '/home/levin/ROS2_WS/Wheeled_robot/install/dolly/share/dolly/package.sh'
[32.139s] INFO:colcon.colcon_core.shell:Creating package script '/home/levin/ROS2_WS/Wheeled_robot/install/dolly/share/dolly/package.bash'
[32.140s] INFO:colcon.colcon_core.shell:Creating package script '/home/levin/ROS2_WS/Wheeled_robot/install/dolly/share/dolly/package.zsh'
[32.140s] Level 1:colcon.colcon_core.environment:create_file_with_runtime_dependencies(/home/levin/ROS2_WS/Wheeled_robot/install/dolly/share/colcon-core/packages/dolly)
[32.141s] DEBUG:colcon.colcon_parallel_executor.executor.parallel:closing loop
[32.141s] DEBUG:colcon.colcon_parallel_executor.executor.parallel:loop closed
[32.141s] DEBUG:colcon.colcon_parallel_executor.executor.parallel:run_until_complete finished with '0'
[32.142s] DEBUG:colcon.colcon_core.event_reactor:joining thread
[32.267s] INFO:colcon.colcon_core.plugin_system:Skipping extension 'colcon_notification.desktop_notification.terminal_notifier': Not used on non-Darwin systems
[32.267s] INFO:colcon.colcon_core.plugin_system:Skipping extension 'colcon_notification.desktop_notification.win32': Not used on non-Windows systems
[32.267s] INFO:colcon.colcon_notification.desktop_notification:Sending desktop notification using 'notify2'
[33.395s] DEBUG:colcon.colcon_core.event_reactor:joined thread
[33.398s] INFO:colcon.colcon_core.shell:Creating prefix script '/home/levin/ROS2_WS/Wheeled_robot/install/local_setup.ps1'
[33.429s] INFO:colcon.colcon_core.shell:Creating prefix util module '/home/levin/ROS2_WS/Wheeled_robot/install/_local_setup_util_ps1.py'
[33.453s] INFO:colcon.colcon_core.shell:Creating prefix chain script '/home/levin/ROS2_WS/Wheeled_robot/install/setup.ps1'
[33.466s] INFO:colcon.colcon_core.shell:Creating prefix script '/home/levin/ROS2_WS/Wheeled_robot/install/local_setup.sh'
[33.470s] INFO:colcon.colcon_core.shell:Creating prefix util module '/home/levin/ROS2_WS/Wheeled_robot/install/_local_setup_util_sh.py'
[33.473s] INFO:colcon.colcon_core.shell:Creating prefix chain script '/home/levin/ROS2_WS/Wheeled_robot/install/setup.sh'
[33.479s] INFO:colcon.colcon_core.shell:Creating prefix script '/home/levin/ROS2_WS/Wheeled_robot/install/local_setup.bash'
[33.501s] INFO:colcon.colcon_core.shell:Creating prefix chain script '/home/levin/ROS2_WS/Wheeled_robot/install/setup.bash'
[33.515s] INFO:colcon.colcon_core.shell:Creating prefix script '/home/levin/ROS2_WS/Wheeled_robot/install/local_setup.zsh'
[33.546s] INFO:colcon.colcon_core.shell:Creating prefix chain script '/home/levin/ROS2_WS/Wheeled_robot/install/setup.zsh'
