[0.013s] Invoking command in '/home/levin/ROS2_WS/wheeled_robot/build/my_package': CMAKE_PREFIX_PATH=/opt/ros/humble /usr/bin/cmake /home/levin/ROS2_WS/wheeled_robot/src/my_package -DAMENT_CMAKE_SYMLINK_INSTALL=1 -DCMAKE_INSTALL_PREFIX=/home/levin/ROS2_WS/wheeled_robot/install/my_package
[0.346s] -- The C compiler identification is GNU 11.3.0
[0.437s] -- The CXX compiler identification is GNU 11.3.0
[0.445s] -- Detecting C compiler ABI info
[0.552s] -- Detecting C compiler ABI info - done
[0.561s] -- Check for working C compiler: /usr/bin/cc - skipped
[0.561s] -- Detecting C compile features
[0.562s] -- Detecting C compile features - done
[0.566s] -- Detecting CXX compiler ABI info
[0.656s] -- Detecting CXX compiler ABI info - done
[0.663s] -- Check for working CXX compiler: /usr/bin/c++ - skipped
[0.664s] -- Detecting CXX compile features
[0.664s] -- Detecting CXX compile features - done
[0.665s] -- Found ament_cmake: 1.3.3 (/opt/ros/humble/share/ament_cmake/cmake)
[0.874s] -- Found Python3: /usr/bin/python3.10 (found version "3.10.6") found components: Interpreter 
[0.949s] -- Override CMake install command with custom implementation using symlinks instead of copying resources
[0.978s] -- Found rclcpp: 16.0.3 (/opt/ros/humble/share/rclcpp/cmake)
[1.021s] -- Found rosidl_generator_c: 3.1.4 (/opt/ros/humble/share/rosidl_generator_c/cmake)
[1.026s] -- Found rosidl_adapter: 3.1.4 (/opt/ros/humble/share/rosidl_adapter/cmake)
[1.038s] -- Found rosidl_generator_cpp: 3.1.4 (/opt/ros/humble/share/rosidl_generator_cpp/cmake)
[1.054s] -- Using all available rosidl_typesupport_c: rosidl_typesupport_fastrtps_c;rosidl_typesupport_introspection_c
[1.076s] -- Using all available rosidl_typesupport_cpp: rosidl_typesupport_fastrtps_cpp;rosidl_typesupport_introspection_cpp
[1.158s] -- Found rmw_implementation_cmake: 6.1.1 (/opt/ros/humble/share/rmw_implementation_cmake/cmake)
[1.161s] -- Found rmw_fastrtps_cpp: 6.2.2 (/opt/ros/humble/share/rmw_fastrtps_cpp/cmake)
[1.273s] -- Found OpenSSL: /usr/lib/x86_64-linux-gnu/libcrypto.so (found version "3.0.2")  
[1.302s] -- Found FastRTPS: /opt/ros/humble/include  
[1.358s] -- Using RMW implementation 'rmw_fastrtps_cpp' as default
[1.369s] -- Looking for pthread.h
[1.452s] -- Looking for pthread.h - found
[1.452s] -- Performing Test CMAKE_HAVE_LIBC_PTHREAD
[1.534s] -- Performing Test CMAKE_HAVE_LIBC_PTHREAD - Success
[1.534s] -- Found Threads: TRUE  
[1.737s] -- Found ament_lint_auto: 0.12.5 (/opt/ros/humble/share/ament_lint_auto/cmake)
[1.910s] -- Added test 'flake8' to check Python code syntax and style conventions
[1.911s] -- Added test 'lint_cmake' to check CMake code style
[1.912s] -- Added test 'pep257' to check Python code against some of the docstring style conventions in PEP 257
[1.913s] -- Added test 'xmllint' to check XML markup files
[1.954s] -- Configuring done
[1.964s] -- Generating done
[1.968s] -- Build files have been written to: /home/levin/ROS2_WS/wheeled_robot/build/my_package
[1.986s] Invoked command in '/home/levin/ROS2_WS/wheeled_robot/build/my_package' returned '0': CMAKE_PREFIX_PATH=/opt/ros/humble /usr/bin/cmake /home/levin/ROS2_WS/wheeled_robot/src/my_package -DAMENT_CMAKE_SYMLINK_INSTALL=1 -DCMAKE_INSTALL_PREFIX=/home/levin/ROS2_WS/wheeled_robot/install/my_package
[1.987s] Invoking command in '/home/levin/ROS2_WS/wheeled_robot/build/my_package': CMAKE_PREFIX_PATH=/opt/ros/humble /usr/bin/cmake --build /home/levin/ROS2_WS/wheeled_robot/build/my_package -- -j2 -l2
[2.036s] Invoked command in '/home/levin/ROS2_WS/wheeled_robot/build/my_package' returned '0': CMAKE_PREFIX_PATH=/opt/ros/humble /usr/bin/cmake --build /home/levin/ROS2_WS/wheeled_robot/build/my_package -- -j2 -l2
[2.063s] Invoking command in '/home/levin/ROS2_WS/wheeled_robot/build/my_package': CMAKE_PREFIX_PATH=/opt/ros/humble /usr/bin/cmake --install /home/levin/ROS2_WS/wheeled_robot/build/my_package
[2.070s] -- Install configuration: ""
[2.071s] -- Execute custom install script
[2.071s] -- Symlinking: /home/levin/ROS2_WS/wheeled_robot/install/my_package/share/my_package//launch/dolly.launch.py
[2.081s] -- Symlinking: /home/levin/ROS2_WS/wheeled_robot/install/my_package/share/ament_index/resource_index/package_run_dependencies/my_package
[2.090s] -- Symlinking: /home/levin/ROS2_WS/wheeled_robot/install/my_package/share/ament_index/resource_index/parent_prefix_path/my_package
[2.099s] -- Symlinking: /home/levin/ROS2_WS/wheeled_robot/install/my_package/share/my_package/environment/ament_prefix_path.sh
[2.108s] -- Symlinking: /home/levin/ROS2_WS/wheeled_robot/install/my_package/share/my_package/environment/ament_prefix_path.dsv
[2.118s] -- Symlinking: /home/levin/ROS2_WS/wheeled_robot/install/my_package/share/my_package/environment/path.sh
[2.126s] -- Symlinking: /home/levin/ROS2_WS/wheeled_robot/install/my_package/share/my_package/environment/path.dsv
[2.137s] -- Symlinking: /home/levin/ROS2_WS/wheeled_robot/install/my_package/share/my_package/local_setup.bash
[2.145s] -- Symlinking: /home/levin/ROS2_WS/wheeled_robot/install/my_package/share/my_package/local_setup.sh
[2.154s] -- Symlinking: /home/levin/ROS2_WS/wheeled_robot/install/my_package/share/my_package/local_setup.zsh
[2.163s] -- Symlinking: /home/levin/ROS2_WS/wheeled_robot/install/my_package/share/my_package/local_setup.dsv
[2.172s] -- Symlinking: /home/levin/ROS2_WS/wheeled_robot/install/my_package/share/my_package/package.dsv
[2.182s] -- Symlinking: /home/levin/ROS2_WS/wheeled_robot/install/my_package/share/ament_index/resource_index/packages/my_package
[2.191s] -- Symlinking: /home/levin/ROS2_WS/wheeled_robot/install/my_package/share/my_package/cmake/my_packageConfig.cmake
[2.200s] -- Symlinking: /home/levin/ROS2_WS/wheeled_robot/install/my_package/share/my_package/cmake/my_packageConfig-version.cmake
[2.209s] -- Symlinking: /home/levin/ROS2_WS/wheeled_robot/install/my_package/share/my_package/package.xml
[2.220s] Invoked command in '/home/levin/ROS2_WS/wheeled_robot/build/my_package' returned '0': CMAKE_PREFIX_PATH=/opt/ros/humble /usr/bin/cmake --install /home/levin/ROS2_WS/wheeled_robot/build/my_package
